TN:
SF:/Users/rosegraner/simple-react-full-stack/main.js
FN:8,(anonymous_0)
FN:10,(anonymous_1)
FNF:2
FNH:0
FNDA:0,(anonymous_0)
FNDA:0,(anonymous_1)
DA:3,0
DA:4,0
DA:5,0
DA:7,0
DA:9,0
DA:10,0
DA:11,0
LF:7
LH:0
BRF:0
BRH:0
end_of_record
TN:
SF:/Users/rosegraner/simple-react-full-stack/seed.js
FN:17,(anonymous_0)
FN:21,(anonymous_1)
FN:22,(anonymous_2)
FN:26,(anonymous_3)
FN:29,(anonymous_4)
FN:42,(anonymous_5)
FN:46,(anonymous_6)
FNF:7
FNH:0
FNDA:0,(anonymous_0)
FNDA:0,(anonymous_1)
FNDA:0,(anonymous_2)
FNDA:0,(anonymous_3)
FNDA:0,(anonymous_4)
FNDA:0,(anonymous_5)
FNDA:0,(anonymous_6)
DA:1,0
DA:2,0
DA:4,0
DA:9,0
DA:15,0
DA:17,0
DA:18,0
DA:19,0
DA:21,0
DA:22,0
DA:23,0
DA:25,0
DA:26,0
DA:28,0
DA:29,0
DA:32,0
DA:36,0
DA:40,0
DA:41,0
DA:43,0
DA:44,0
DA:47,0
DA:48,0
DA:49,0
LF:24
LH:0
BRDA:40,0,0,0
BRDA:40,0,1,0
BRF:2
BRH:0
end_of_record
TN:
SF:/Users/rosegraner/simple-react-full-stack/webpack.config.js
FNF:0
FNH:0
DA:1,0
DA:2,0
DA:3,0
DA:5,0
DA:7,0
LF:5
LH:0
BRF:0
BRH:0
end_of_record
TN:
SF:/Users/rosegraner/simple-react-full-stack/dist/bundle.js
FN:1,(anonymous_0)
FN:1,n
FN:1,(anonymous_2)
FN:1,(anonymous_3)
FN:1,(anonymous_4)
FN:1,(anonymous_5)
FN:1,(anonymous_6)
FN:1,(anonymous_7)
FN:1,(anonymous_8)
FN:1,(anonymous_9)
FN:1,(anonymous_10)
FN:1,(anonymous_11)
FN:1,(anonymous_12)
FN:1,(anonymous_13)
FN:1,(anonymous_14)
FN:1,(anonymous_15)
FN:1,(anonymous_16)
FN:1,(anonymous_17)
FN:1,(anonymous_18)
FN:1,(anonymous_19)
FN:1,(anonymous_20)
FN:1,(anonymous_21)
FN:1,(anonymous_22)
FN:1,(anonymous_23)
FN:1,(anonymous_24)
FN:1,(anonymous_25)
FN:1,(anonymous_26)
FN:1,(anonymous_27)
FN:1,(anonymous_28)
FN:1,(anonymous_29)
FN:1,(anonymous_30)
FN:1,(anonymous_31)
FN:1,(anonymous_32)
FN:1,(anonymous_33)
FN:1,(anonymous_34)
FN:1,(anonymous_35)
FN:1,(anonymous_36)
FN:1,(anonymous_37)
FN:1,(anonymous_38)
FN:1,(anonymous_39)
FN:1,(anonymous_40)
FN:1,(anonymous_41)
FN:1,(anonymous_42)
FN:1,(anonymous_43)
FN:1,(anonymous_44)
FN:1,(anonymous_45)
FN:1,(anonymous_46)
FN:1,(anonymous_47)
FN:1,(anonymous_48)
FN:1,(anonymous_49)
FN:1,(anonymous_50)
FN:1,(anonymous_51)
FN:1,(anonymous_52)
FN:1,(anonymous_53)
FN:1,(anonymous_54)
FN:1,(anonymous_55)
FN:1,(anonymous_56)
FN:1,(anonymous_57)
FN:1,(anonymous_58)
FN:1,(anonymous_59)
FN:1,(anonymous_60)
FN:1,(anonymous_61)
FN:1,(anonymous_62)
FN:1,(anonymous_63)
FN:1,(anonymous_64)
FN:1,(anonymous_65)
FN:1,(anonymous_66)
FN:1,(anonymous_67)
FN:1,(anonymous_68)
FN:1,(anonymous_69)
FN:1,(anonymous_70)
FN:1,(anonymous_71)
FN:1,(anonymous_72)
FN:1,(anonymous_73)
FN:1,(anonymous_74)
FN:1,(anonymous_75)
FN:1,(anonymous_76)
FN:1,(anonymous_77)
FN:1,(anonymous_78)
FN:1,(anonymous_79)
FN:1,(anonymous_80)
FN:1,(anonymous_81)
FN:1,(anonymous_82)
FN:1,(anonymous_83)
FN:1,(anonymous_84)
FN:1,(anonymous_85)
FN:1,(anonymous_86)
FN:1,(anonymous_87)
FN:1,(anonymous_88)
FN:1,(anonymous_89)
FN:1,(anonymous_90)
FN:1,(anonymous_91)
FN:1,(anonymous_92)
FN:1,(anonymous_93)
FN:1,(anonymous_94)
FN:1,(anonymous_95)
FN:1,(anonymous_96)
FN:1,(anonymous_97)
FN:1,(anonymous_98)
FN:1,(anonymous_99)
FN:1,(anonymous_100)
FN:1,(anonymous_101)
FN:1,(anonymous_102)
FN:1,(anonymous_103)
FN:1,(anonymous_104)
FN:1,(anonymous_105)
FN:1,(anonymous_106)
FN:1,(anonymous_107)
FN:1,(anonymous_108)
FN:1,(anonymous_109)
FN:1,(anonymous_110)
FN:1,(anonymous_111)
FN:1,(anonymous_112)
FN:1,(anonymous_113)
FN:1,(anonymous_114)
FN:1,(anonymous_115)
FN:1,(anonymous_116)
FN:1,(anonymous_117)
FN:1,(anonymous_118)
FN:1,(anonymous_119)
FN:1,(anonymous_120)
FN:1,(anonymous_121)
FN:1,(anonymous_122)
FN:1,(anonymous_123)
FN:1,(anonymous_124)
FN:1,(anonymous_125)
FN:1,(anonymous_126)
FN:1,(anonymous_127)
FN:1,(anonymous_128)
FN:1,(anonymous_129)
FN:1,(anonymous_130)
FN:1,(anonymous_131)
FN:1,(anonymous_132)
FN:1,(anonymous_133)
FN:1,(anonymous_134)
FN:1,(anonymous_135)
FN:1,(anonymous_136)
FN:1,(anonymous_137)
FN:1,(anonymous_138)
FN:1,(anonymous_139)
FN:1,(anonymous_140)
FN:1,(anonymous_141)
FN:1,(anonymous_142)
FN:1,(anonymous_143)
FN:1,(anonymous_144)
FN:1,(anonymous_145)
FN:1,(anonymous_146)
FN:1,(anonymous_147)
FN:1,(anonymous_148)
FN:1,(anonymous_149)
FN:1,(anonymous_150)
FN:1,(anonymous_151)
FN:1,(anonymous_152)
FN:1,(anonymous_153)
FN:1,(anonymous_154)
FN:1,(anonymous_155)
FN:1,(anonymous_156)
FN:1,(anonymous_157)
FN:1,(anonymous_158)
FN:1,(anonymous_159)
FN:1,(anonymous_160)
FN:1,(anonymous_161)
FN:1,(anonymous_162)
FN:1,(anonymous_163)
FN:1,(anonymous_164)
FN:1,(anonymous_165)
FN:1,(anonymous_166)
FN:1,(anonymous_167)
FN:1,(anonymous_168)
FN:1,(anonymous_169)
FN:1,(anonymous_170)
FN:1,(anonymous_171)
FN:1,(anonymous_172)
FN:1,(anonymous_173)
FN:1,(anonymous_174)
FN:1,(anonymous_175)
FN:1,(anonymous_176)
FN:1,(anonymous_177)
FN:1,(anonymous_178)
FN:1,(anonymous_179)
FN:1,(anonymous_180)
FN:1,(anonymous_181)
FN:1,(anonymous_182)
FN:1,(anonymous_183)
FN:1,(anonymous_184)
FN:1,(anonymous_185)
FN:1,(anonymous_186)
FN:1,(anonymous_187)
FN:1,(anonymous_188)
FN:1,(anonymous_189)
FN:1,(anonymous_190)
FN:1,(anonymous_191)
FN:1,(anonymous_192)
FN:1,(anonymous_193)
FN:1,(anonymous_194)
FN:1,(anonymous_195)
FN:1,(anonymous_196)
FN:1,(anonymous_197)
FN:1,(anonymous_198)
FN:1,(anonymous_199)
FN:1,(anonymous_200)
FN:1,(anonymous_201)
FN:1,(anonymous_202)
FN:1,(anonymous_203)
FN:1,(anonymous_204)
FN:1,(anonymous_205)
FN:1,(anonymous_206)
FN:1,(anonymous_207)
FN:1,(anonymous_208)
FN:1,(anonymous_209)
FN:1,(anonymous_210)
FN:1,(anonymous_211)
FN:1,(anonymous_212)
FN:1,(anonymous_213)
FN:1,(anonymous_214)
FN:1,(anonymous_215)
FN:1,(anonymous_216)
FN:1,(anonymous_217)
FN:1,(anonymous_218)
FN:1,(anonymous_219)
FN:1,(anonymous_220)
FN:1,(anonymous_221)
FN:1,(anonymous_222)
FN:1,(anonymous_223)
FN:1,(anonymous_224)
FN:1,(anonymous_225)
FN:1,(anonymous_226)
FN:1,(anonymous_227)
FN:1,(anonymous_228)
FN:1,(anonymous_229)
FN:1,(anonymous_230)
FN:1,(anonymous_231)
FN:1,(anonymous_232)
FN:1,(anonymous_233)
FN:1,(anonymous_234)
FN:1,(anonymous_235)
FN:1,(anonymous_236)
FN:1,(anonymous_237)
FN:1,(anonymous_238)
FN:1,(anonymous_239)
FN:1,(anonymous_240)
FN:1,(anonymous_241)
FN:1,(anonymous_242)
FN:1,(anonymous_243)
FN:1,(anonymous_244)
FN:1,(anonymous_245)
FN:1,(anonymous_246)
FN:1,(anonymous_247)
FN:1,(anonymous_248)
FN:1,(anonymous_249)
FN:1,(anonymous_250)
FN:1,(anonymous_251)
FN:1,(anonymous_252)
FN:1,(anonymous_253)
FN:1,(anonymous_254)
FN:1,(anonymous_255)
FN:1,(anonymous_256)
FN:1,(anonymous_257)
FN:1,(anonymous_258)
FN:1,(anonymous_259)
FN:1,(anonymous_260)
FN:1,(anonymous_261)
FN:1,(anonymous_262)
FN:1,(anonymous_263)
FN:1,(anonymous_264)
FN:1,(anonymous_265)
FN:1,(anonymous_266)
FN:1,(anonymous_267)
FN:1,(anonymous_268)
FN:1,(anonymous_269)
FN:1,(anonymous_270)
FN:1,(anonymous_271)
FN:1,(anonymous_272)
FN:1,(anonymous_273)
FN:1,(anonymous_274)
FN:1,(anonymous_275)
FN:1,(anonymous_276)
FN:1,(anonymous_277)
FN:1,(anonymous_278)
FN:1,(anonymous_279)
FN:1,(anonymous_280)
FN:1,(anonymous_281)
FN:1,(anonymous_282)
FN:1,(anonymous_283)
FN:1,(anonymous_284)
FN:1,(anonymous_285)
FN:1,(anonymous_286)
FN:1,(anonymous_287)
FN:1,(anonymous_288)
FN:1,(anonymous_289)
FN:1,(anonymous_290)
FN:1,(anonymous_291)
FN:1,(anonymous_292)
FN:1,(anonymous_293)
FN:1,(anonymous_294)
FN:1,(anonymous_295)
FN:1,(anonymous_296)
FN:1,(anonymous_297)
FN:1,(anonymous_298)
FN:1,(anonymous_299)
FN:1,(anonymous_300)
FN:1,(anonymous_301)
FN:1,(anonymous_302)
FN:1,(anonymous_303)
FN:1,(anonymous_304)
FN:1,(anonymous_305)
FN:1,(anonymous_306)
FN:1,(anonymous_307)
FN:1,(anonymous_308)
FN:1,(anonymous_309)
FN:1,(anonymous_310)
FN:1,(anonymous_311)
FN:1,(anonymous_312)
FN:1,(anonymous_313)
FN:1,(anonymous_314)
FN:1,(anonymous_315)
FN:1,(anonymous_316)
FN:1,(anonymous_317)
FN:1,(anonymous_318)
FN:1,(anonymous_319)
FN:1,(anonymous_320)
FN:1,(anonymous_321)
FN:1,(anonymous_322)
FN:1,(anonymous_323)
FN:1,(anonymous_324)
FN:1,(anonymous_325)
FN:1,(anonymous_326)
FN:1,(anonymous_327)
FN:1,(anonymous_328)
FN:1,(anonymous_329)
FN:1,(anonymous_330)
FN:1,(anonymous_331)
FN:1,(anonymous_332)
FN:1,(anonymous_333)
FN:1,(anonymous_334)
FN:1,(anonymous_335)
FN:1,(anonymous_336)
FN:1,(anonymous_337)
FN:1,(anonymous_338)
FN:1,i
FN:1,(anonymous_340)
FN:1,(anonymous_341)
FN:1,(anonymous_342)
FN:1,M
FN:1,F
FN:1,j
FN:1,L
FN:1,U
FN:1,D
FN:1,z
FN:1,W
FN:1,B
FN:1,(anonymous_352)
FN:1,V
FN:1,G
FN:1,(anonymous_355)
FN:1,(anonymous_356)
FN:1,(anonymous_357)
FN:1,(anonymous_358)
FN:1,(anonymous_359)
FN:1,(anonymous_360)
FN:1,(anonymous_361)
FN:1,(anonymous_362)
FN:1,(anonymous_363)
FN:1,(anonymous_364)
FN:1,(anonymous_365)
FN:1,(anonymous_366)
FN:1,(anonymous_367)
FN:1,(anonymous_368)
FN:1,(anonymous_369)
FN:1,(anonymous_370)
FN:1,(anonymous_371)
FN:1,(anonymous_372)
FN:1,(anonymous_373)
FN:1,(anonymous_374)
FN:1,(anonymous_375)
FN:1,(anonymous_376)
FN:1,(anonymous_377)
FN:1,(anonymous_378)
FN:1,(anonymous_379)
FN:1,(anonymous_380)
FN:1,(anonymous_381)
FN:1,(anonymous_382)
FN:1,(anonymous_383)
FN:1,(anonymous_384)
FN:1,(anonymous_385)
FN:1,(anonymous_386)
FN:1,(anonymous_387)
FN:1,(anonymous_388)
FN:1,(anonymous_389)
FN:1,(anonymous_390)
FN:1,(anonymous_391)
FN:1,(anonymous_392)
FN:1,(anonymous_393)
FN:1,(anonymous_394)
FN:1,(anonymous_395)
FN:1,(anonymous_396)
FN:1,(anonymous_397)
FN:1,(anonymous_398)
FN:1,(anonymous_399)
FN:1,(anonymous_400)
FN:1,(anonymous_401)
FN:1,(anonymous_402)
FN:1,(anonymous_403)
FN:1,(anonymous_404)
FN:1,(anonymous_405)
FN:1,(anonymous_406)
FN:1,(anonymous_407)
FN:1,(anonymous_408)
FN:1,(anonymous_409)
FN:1,(anonymous_410)
FN:1,(anonymous_411)
FN:1,(anonymous_412)
FN:1,(anonymous_413)
FN:1,(anonymous_414)
FN:1,(anonymous_415)
FN:1,(anonymous_416)
FN:1,(anonymous_417)
FN:1,(anonymous_418)
FN:1,(anonymous_419)
FN:1,(anonymous_420)
FN:1,(anonymous_421)
FN:1,(anonymous_422)
FN:1,(anonymous_423)
FN:1,(anonymous_424)
FN:1,(anonymous_425)
FN:1,(anonymous_426)
FN:1,(anonymous_427)
FN:1,(anonymous_428)
FN:1,(anonymous_429)
FN:1,(anonymous_430)
FN:1,(anonymous_431)
FN:1,(anonymous_432)
FN:1,(anonymous_433)
FN:1,(anonymous_434)
FN:1,(anonymous_435)
FN:1,(anonymous_436)
FN:1,(anonymous_437)
FN:1,(anonymous_438)
FN:1,(anonymous_439)
FN:1,(anonymous_440)
FN:1,(anonymous_441)
FN:1,(anonymous_442)
FN:1,(anonymous_443)
FN:1,(anonymous_444)
FN:1,(anonymous_445)
FN:1,(anonymous_446)
FN:1,(anonymous_447)
FN:1,(anonymous_448)
FN:1,(anonymous_449)
FN:1,(anonymous_450)
FN:1,(anonymous_451)
FN:1,(anonymous_452)
FN:1,(anonymous_453)
FN:1,(anonymous_454)
FN:1,(anonymous_455)
FN:1,(anonymous_456)
FN:1,(anonymous_457)
FN:1,(anonymous_458)
FN:1,(anonymous_459)
FN:1,(anonymous_460)
FN:1,(anonymous_461)
FN:1,(anonymous_462)
FN:1,(anonymous_463)
FN:1,(anonymous_464)
FN:1,(anonymous_465)
FN:1,(anonymous_466)
FN:1,(anonymous_467)
FN:1,(anonymous_468)
FN:1,(anonymous_469)
FN:1,(anonymous_470)
FN:1,(anonymous_471)
FN:1,(anonymous_472)
FN:1,(anonymous_473)
FN:1,(anonymous_474)
FN:1,(anonymous_475)
FN:1,e
FN:1,(anonymous_477)
FN:1,(anonymous_478)
FN:1,(anonymous_479)
FN:1,(anonymous_480)
FN:1,(anonymous_481)
FN:1,(anonymous_482)
FN:1,(anonymous_483)
FN:1,(anonymous_484)
FN:1,(anonymous_485)
FN:1,(anonymous_486)
FN:1,(anonymous_487)
FN:1,(anonymous_488)
FN:1,(anonymous_489)
FN:6,(anonymous_490)
FN:6,(anonymous_491)
FN:6,(anonymous_492)
FN:6,(anonymous_493)
FN:6,(anonymous_494)
FN:6,e
FN:6,(anonymous_496)
FN:6,(anonymous_497)
FN:6,(anonymous_498)
FN:6,(anonymous_499)
FN:6,r
FN:6,(anonymous_501)
FN:6,(anonymous_502)
FN:6,(anonymous_503)
FN:6,(anonymous_504)
FN:6,(anonymous_505)
FN:6,(anonymous_506)
FN:6,(anonymous_507)
FN:6,(anonymous_508)
FN:6,(anonymous_509)
FN:6,(anonymous_510)
FN:6,(anonymous_511)
FN:6,(anonymous_512)
FN:6,(anonymous_513)
FN:6,(anonymous_514)
FN:6,(anonymous_515)
FN:6,(anonymous_516)
FN:6,(anonymous_517)
FN:6,(anonymous_518)
FN:6,(anonymous_519)
FN:6,(anonymous_520)
FN:6,(anonymous_521)
FN:6,(anonymous_522)
FN:6,(anonymous_523)
FN:6,(anonymous_524)
FN:6,(anonymous_525)
FN:6,(anonymous_526)
FN:6,(anonymous_527)
FN:6,(anonymous_528)
FN:6,(anonymous_529)
FN:6,(anonymous_530)
FN:6,(anonymous_531)
FN:6,(anonymous_532)
FN:6,(anonymous_533)
FN:6,(anonymous_534)
FN:6,(anonymous_535)
FN:6,(anonymous_536)
FN:6,(anonymous_537)
FN:6,(anonymous_538)
FN:6,(anonymous_539)
FN:6,(anonymous_540)
FN:6,(anonymous_541)
FN:6,(anonymous_542)
FN:6,(anonymous_543)
FN:6,(anonymous_544)
FN:6,(anonymous_545)
FN:6,(anonymous_546)
FN:6,(anonymous_547)
FN:6,(anonymous_548)
FN:6,(anonymous_549)
FN:6,(anonymous_550)
FN:6,(anonymous_551)
FN:6,(anonymous_552)
FN:6,(anonymous_553)
FN:6,(anonymous_554)
FN:6,(anonymous_555)
FN:6,(anonymous_556)
FN:6,(anonymous_557)
FN:6,(anonymous_558)
FN:6,(anonymous_559)
FN:6,(anonymous_560)
FN:6,(anonymous_561)
FN:6,(anonymous_562)
FN:6,(anonymous_563)
FN:6,(anonymous_564)
FN:6,(anonymous_565)
FN:6,(anonymous_566)
FN:6,(anonymous_567)
FN:6,(anonymous_568)
FN:6,(anonymous_569)
FN:6,(anonymous_570)
FN:6,(anonymous_571)
FN:6,(anonymous_572)
FN:6,(anonymous_573)
FN:6,(anonymous_574)
FN:6,(anonymous_575)
FN:6,(anonymous_576)
FN:6,(anonymous_577)
FN:6,(anonymous_578)
FN:6,(anonymous_579)
FN:6,(anonymous_580)
FN:6,(anonymous_581)
FN:6,(anonymous_582)
FN:6,(anonymous_583)
FN:6,(anonymous_584)
FN:6,(anonymous_585)
FN:6,(anonymous_586)
FN:6,(anonymous_587)
FN:6,(anonymous_588)
FN:6,(anonymous_589)
FN:6,(anonymous_590)
FN:6,(anonymous_591)
FN:6,(anonymous_592)
FN:6,(anonymous_593)
FN:6,(anonymous_594)
FN:6,(anonymous_595)
FN:6,(anonymous_596)
FN:6,(anonymous_597)
FN:6,(anonymous_598)
FN:6,(anonymous_599)
FN:6,(anonymous_600)
FN:6,(anonymous_601)
FN:6,(anonymous_602)
FN:6,(anonymous_603)
FN:6,(anonymous_604)
FN:6,(anonymous_605)
FN:6,e
FN:6,(anonymous_607)
FN:6,(anonymous_608)
FN:6,(anonymous_609)
FN:6,(anonymous_610)
FN:6,(anonymous_611)
FN:6,(anonymous_612)
FN:6,(anonymous_613)
FN:6,(anonymous_614)
FN:6,(anonymous_615)
FN:6,(anonymous_616)
FN:6,(anonymous_617)
FN:6,(anonymous_618)
FN:6,(anonymous_619)
FN:6,(anonymous_620)
FN:6,(anonymous_621)
FN:6,(anonymous_622)
FN:6,(anonymous_623)
FN:6,(anonymous_624)
FN:6,(anonymous_625)
FN:6,(anonymous_626)
FN:6,(anonymous_627)
FN:6,(anonymous_628)
FN:6,(anonymous_629)
FN:6,(anonymous_630)
FN:6,(anonymous_631)
FN:6,(anonymous_632)
FN:6,(anonymous_633)
FN:6,(anonymous_634)
FN:6,(anonymous_635)
FN:6,(anonymous_636)
FN:6,(anonymous_637)
FN:6,(anonymous_638)
FN:6,(anonymous_639)
FN:6,(anonymous_640)
FN:6,(anonymous_641)
FN:6,(anonymous_642)
FN:6,(anonymous_643)
FN:6,(anonymous_644)
FN:6,(anonymous_645)
FN:6,(anonymous_646)
FN:6,(anonymous_647)
FN:6,(anonymous_648)
FN:6,(anonymous_649)
FN:6,(anonymous_650)
FN:6,(anonymous_651)
FN:6,(anonymous_652)
FN:6,(anonymous_653)
FN:6,(anonymous_654)
FN:6,(anonymous_655)
FN:6,(anonymous_656)
FN:6,(anonymous_657)
FN:6,(anonymous_658)
FN:6,(anonymous_659)
FN:6,(anonymous_660)
FN:6,(anonymous_661)
FN:6,(anonymous_662)
FN:6,(anonymous_663)
FN:6,(anonymous_664)
FN:6,(anonymous_665)
FN:6,(anonymous_666)
FN:6,(anonymous_667)
FN:6,(anonymous_668)
FN:6,(anonymous_669)
FN:6,(anonymous_670)
FN:6,(anonymous_671)
FN:6,(anonymous_672)
FN:6,(anonymous_673)
FN:6,(anonymous_674)
FN:6,(anonymous_675)
FN:6,(anonymous_676)
FN:6,(anonymous_677)
FN:6,(anonymous_678)
FN:6,(anonymous_679)
FN:6,(anonymous_680)
FN:6,(anonymous_681)
FN:6,(anonymous_682)
FN:6,(anonymous_683)
FN:6,(anonymous_684)
FN:6,(anonymous_685)
FN:6,(anonymous_686)
FN:6,(anonymous_687)
FN:6,(anonymous_688)
FN:6,(anonymous_689)
FN:6,(anonymous_690)
FN:6,(anonymous_691)
FN:6,(anonymous_692)
FN:6,(anonymous_693)
FN:6,(anonymous_694)
FN:6,(anonymous_695)
FN:6,(anonymous_696)
FN:6,(anonymous_697)
FN:6,(anonymous_698)
FN:6,(anonymous_699)
FN:6,(anonymous_700)
FN:6,(anonymous_701)
FN:6,(anonymous_702)
FN:6,(anonymous_703)
FN:6,(anonymous_704)
FN:6,(anonymous_705)
FN:6,(anonymous_706)
FN:6,(anonymous_707)
FN:6,(anonymous_708)
FN:6,(anonymous_709)
FN:6,(anonymous_710)
FN:6,(anonymous_711)
FN:6,(anonymous_712)
FN:6,(anonymous_713)
FN:6,(anonymous_714)
FN:6,(anonymous_715)
FN:6,e
FN:6,(anonymous_717)
FN:6,(anonymous_718)
FN:6,(anonymous_719)
FN:6,(anonymous_720)
FN:6,(anonymous_721)
FN:6,(anonymous_722)
FN:6,(anonymous_723)
FN:6,(anonymous_724)
FN:6,(anonymous_725)
FN:6,(anonymous_726)
FN:6,(anonymous_727)
FN:6,(anonymous_728)
FN:6,(anonymous_729)
FN:6,(anonymous_730)
FN:6,(anonymous_731)
FN:6,(anonymous_732)
FN:6,(anonymous_733)
FN:6,(anonymous_734)
FN:6,(anonymous_735)
FN:6,(anonymous_736)
FN:6,(anonymous_737)
FN:6,(anonymous_738)
FN:6,(anonymous_739)
FN:6,(anonymous_740)
FN:6,(anonymous_741)
FN:6,(anonymous_742)
FN:6,(anonymous_743)
FN:6,(anonymous_744)
FN:6,(anonymous_745)
FN:6,(anonymous_746)
FN:6,(anonymous_747)
FN:6,(anonymous_748)
FN:6,(anonymous_749)
FN:6,(anonymous_750)
FN:6,(anonymous_751)
FN:6,(anonymous_752)
FN:6,(anonymous_753)
FN:6,(anonymous_754)
FN:6,(anonymous_755)
FN:6,(anonymous_756)
FN:6,(anonymous_757)
FN:6,(anonymous_758)
FN:6,(anonymous_759)
FN:6,(anonymous_760)
FN:6,(anonymous_761)
FN:6,(anonymous_762)
FN:6,(anonymous_763)
FN:6,(anonymous_764)
FN:6,(anonymous_765)
FN:6,(anonymous_766)
FN:6,(anonymous_767)
FN:6,(anonymous_768)
FN:6,(anonymous_769)
FN:6,(anonymous_770)
FN:6,(anonymous_771)
FN:6,v
FN:6,(anonymous_773)
FN:6,(anonymous_774)
FN:6,(anonymous_775)
FN:6,(anonymous_776)
FN:6,(anonymous_777)
FN:6,(anonymous_778)
FN:6,(anonymous_779)
FN:6,(anonymous_780)
FN:6,(anonymous_781)
FN:6,(anonymous_782)
FN:6,(anonymous_783)
FN:6,(anonymous_784)
FN:6,(anonymous_785)
FN:6,(anonymous_786)
FN:6,(anonymous_787)
FN:6,(anonymous_788)
FN:6,(anonymous_789)
FN:6,(anonymous_790)
FN:6,(anonymous_791)
FN:6,(anonymous_792)
FN:6,(anonymous_793)
FN:6,(anonymous_794)
FN:6,(anonymous_795)
FN:6,(anonymous_796)
FN:6,(anonymous_797)
FN:6,(anonymous_798)
FN:6,(anonymous_799)
FN:6,(anonymous_800)
FN:6,(anonymous_801)
FN:6,(anonymous_802)
FN:6,(anonymous_803)
FN:6,(anonymous_804)
FN:6,(anonymous_805)
FN:6,(anonymous_806)
FN:6,(anonymous_807)
FN:6,(anonymous_808)
FN:6,(anonymous_809)
FN:6,(anonymous_810)
FN:6,(anonymous_811)
FN:6,(anonymous_812)
FN:6,(anonymous_813)
FN:6,(anonymous_814)
FN:6,(anonymous_815)
FN:6,(anonymous_816)
FN:6,(anonymous_817)
FN:6,(anonymous_818)
FN:6,(anonymous_819)
FN:6,(anonymous_820)
FN:6,(anonymous_821)
FN:6,(anonymous_822)
FN:6,(anonymous_823)
FN:6,(anonymous_824)
FN:6,(anonymous_825)
FN:6,(anonymous_826)
FN:6,(anonymous_827)
FN:6,(anonymous_828)
FN:6,(anonymous_829)
FN:6,(anonymous_830)
FN:6,(anonymous_831)
FN:6,(anonymous_832)
FN:6,(anonymous_833)
FN:6,(anonymous_834)
FN:6,(anonymous_835)
FN:6,(anonymous_836)
FN:6,(anonymous_837)
FN:6,(anonymous_838)
FN:6,(anonymous_839)
FN:6,(anonymous_840)
FN:6,(anonymous_841)
FN:6,(anonymous_842)
FN:6,(anonymous_843)
FN:6,(anonymous_844)
FN:6,(anonymous_845)
FN:6,(anonymous_846)
FN:6,(anonymous_847)
FN:6,(anonymous_848)
FN:6,(anonymous_849)
FN:6,(anonymous_850)
FN:6,(anonymous_851)
FN:6,(anonymous_852)
FN:6,(anonymous_853)
FN:6,(anonymous_854)
FN:6,(anonymous_855)
FN:6,(anonymous_856)
FN:6,(anonymous_857)
FN:6,(anonymous_858)
FN:6,e
FN:6,(anonymous_860)
FN:6,(anonymous_861)
FN:6,(anonymous_862)
FN:6,(anonymous_863)
FN:6,(anonymous_864)
FN:6,(anonymous_865)
FN:6,(anonymous_866)
FN:6,(anonymous_867)
FN:6,(anonymous_868)
FN:6,(anonymous_869)
FN:6,(anonymous_870)
FN:6,(anonymous_871)
FN:6,(anonymous_872)
FN:6,(anonymous_873)
FN:6,e
FN:6,(anonymous_875)
FN:6,(anonymous_876)
FN:6,(anonymous_877)
FN:6,(anonymous_878)
FN:6,(anonymous_879)
FN:6,(anonymous_880)
FN:6,(anonymous_881)
FN:6,(anonymous_882)
FN:6,(anonymous_883)
FN:6,(anonymous_884)
FN:6,(anonymous_885)
FN:6,(anonymous_886)
FN:6,e
FN:6,(anonymous_888)
FN:6,(anonymous_889)
FN:6,(anonymous_890)
FN:6,(anonymous_891)
FN:6,(anonymous_892)
FN:6,(anonymous_893)
FN:6,(anonymous_894)
FN:6,(anonymous_895)
FN:6,(anonymous_896)
FN:6,(anonymous_897)
FN:6,(anonymous_898)
FN:6,(anonymous_899)
FN:6,(anonymous_900)
FN:6,(anonymous_901)
FN:6,(anonymous_902)
FN:6,(anonymous_903)
FN:6,(anonymous_904)
FN:6,(anonymous_905)
FN:6,(anonymous_906)
FN:6,(anonymous_907)
FN:6,(anonymous_908)
FN:6,(anonymous_909)
FN:6,(anonymous_910)
FN:6,(anonymous_911)
FN:6,(anonymous_912)
FN:6,(anonymous_913)
FN:6,(anonymous_914)
FN:6,(anonymous_915)
FN:6,(anonymous_916)
FN:6,(anonymous_917)
FN:6,(anonymous_918)
FN:6,(anonymous_919)
FN:6,(anonymous_920)
FN:6,(anonymous_921)
FN:6,(anonymous_922)
FN:6,(anonymous_923)
FN:6,(anonymous_924)
FN:6,(anonymous_925)
FN:6,(anonymous_926)
FN:6,(anonymous_927)
FN:6,(anonymous_928)
FN:6,(anonymous_929)
FN:6,(anonymous_930)
FN:6,(anonymous_931)
FN:6,(anonymous_932)
FN:6,(anonymous_933)
FN:6,(anonymous_934)
FN:6,(anonymous_935)
FN:6,(anonymous_936)
FN:6,(anonymous_937)
FN:6,(anonymous_938)
FN:6,(anonymous_939)
FN:6,(anonymous_940)
FN:6,(anonymous_941)
FN:6,(anonymous_942)
FN:6,(anonymous_943)
FN:6,(anonymous_944)
FN:6,(anonymous_945)
FN:6,(anonymous_946)
FN:6,(anonymous_947)
FN:6,(anonymous_948)
FN:6,(anonymous_949)
FN:6,(anonymous_950)
FN:6,(anonymous_951)
FN:6,(anonymous_952)
FN:6,(anonymous_953)
FN:6,(anonymous_954)
FN:6,(anonymous_955)
FN:6,(anonymous_956)
FN:6,(anonymous_957)
FN:6,(anonymous_958)
FN:6,(anonymous_959)
FN:6,(anonymous_960)
FN:6,(anonymous_961)
FN:6,(anonymous_962)
FN:6,(anonymous_963)
FN:6,(anonymous_964)
FN:6,(anonymous_965)
FN:6,(anonymous_966)
FN:6,(anonymous_967)
FN:6,(anonymous_968)
FN:6,(anonymous_969)
FN:6,(anonymous_970)
FN:6,(anonymous_971)
FN:6,(anonymous_972)
FN:6,(anonymous_973)
FN:6,(anonymous_974)
FN:6,(anonymous_975)
FN:6,(anonymous_976)
FN:6,(anonymous_977)
FN:6,(anonymous_978)
FN:6,(anonymous_979)
FN:6,(anonymous_980)
FN:6,(anonymous_981)
FN:6,(anonymous_982)
FN:6,(anonymous_983)
FN:6,(anonymous_984)
FN:6,(anonymous_985)
FN:6,(anonymous_986)
FN:6,(anonymous_987)
FN:6,(anonymous_988)
FN:6,(anonymous_989)
FN:6,(anonymous_990)
FN:6,(anonymous_991)
FN:6,(anonymous_992)
FN:6,(anonymous_993)
FN:6,(anonymous_994)
FN:6,(anonymous_995)
FN:6,(anonymous_996)
FN:6,(anonymous_997)
FN:6,(anonymous_998)
FN:6,(anonymous_999)
FN:6,(anonymous_1000)
FN:6,(anonymous_1001)
FN:6,(anonymous_1002)
FN:6,(anonymous_1003)
FN:6,(anonymous_1004)
FN:6,(anonymous_1005)
FN:6,(anonymous_1006)
FN:6,(anonymous_1007)
FN:6,(anonymous_1008)
FN:6,(anonymous_1009)
FN:6,(anonymous_1010)
FN:6,(anonymous_1011)
FN:6,(anonymous_1012)
FN:6,(anonymous_1013)
FN:6,(anonymous_1014)
FN:6,(anonymous_1015)
FN:6,(anonymous_1016)
FN:6,(anonymous_1017)
FN:6,(anonymous_1018)
FN:6,(anonymous_1019)
FN:6,(anonymous_1020)
FN:6,(anonymous_1021)
FN:6,(anonymous_1022)
FN:6,(anonymous_1023)
FN:6,(anonymous_1024)
FN:6,(anonymous_1025)
FN:6,(anonymous_1026)
FN:6,(anonymous_1027)
FN:6,(anonymous_1028)
FN:6,(anonymous_1029)
FN:6,(anonymous_1030)
FN:6,(anonymous_1031)
FN:6,(anonymous_1032)
FN:6,(anonymous_1033)
FN:6,(anonymous_1034)
FN:6,(anonymous_1035)
FN:6,(anonymous_1036)
FN:6,(anonymous_1037)
FN:6,(anonymous_1038)
FN:6,(anonymous_1039)
FN:6,(anonymous_1040)
FN:6,(anonymous_1041)
FN:6,n
FN:6,(anonymous_1043)
FN:6,(anonymous_1044)
FN:6,(anonymous_1045)
FN:6,r
FN:6,(anonymous_1047)
FN:6,(anonymous_1048)
FN:6,(anonymous_1049)
FN:6,(anonymous_1050)
FN:6,(anonymous_1051)
FN:6,x
FN:6,(anonymous_1053)
FN:6,(anonymous_1054)
FN:6,w
FN:6,A
FN:6,S
FN:6,E
FN:6,k
FN:6,(anonymous_1060)
FN:6,(anonymous_1061)
FN:6,T
FN:6,n
FN:6,(anonymous_1064)
FN:6,(anonymous_1065)
FN:6,(anonymous_1066)
FN:6,(anonymous_1067)
FN:6,i
FN:6,(anonymous_1069)
FN:6,_
FN:6,P
FN:6,C
FN:6,I
FN:6,O
FN:6,t
FN:6,N
FN:6,(anonymous_1077)
FN:6,(anonymous_1078)
FN:6,(anonymous_1079)
FN:6,(anonymous_1080)
FN:6,(anonymous_1081)
FN:6,(anonymous_1082)
FN:6,(anonymous_1083)
FN:6,(anonymous_1084)
FN:14,g
FN:14,(anonymous_1086)
FN:14,(anonymous_1087)
FN:14,(anonymous_1088)
FN:14,(anonymous_1089)
FN:14,(anonymous_1090)
FN:14,(anonymous_1091)
FN:14,w
FN:14,A
FN:14,S
FN:14,(anonymous_1095)
FN:14,(anonymous_1096)
FN:14,C
FN:14,I
FN:14,R
FN:14,M
FN:14,F
FN:14,e
FN:14,j
FN:14,(anonymous_1104)
FN:14,(anonymous_1105)
FN:14,L
FN:14,U
FN:14,(anonymous_1108)
FN:14,(anonymous_1109)
FN:14,D
FN:14,z
FN:14,(anonymous_1112)
FN:14,(anonymous_1113)
FN:14,(anonymous_1114)
FN:14,(anonymous_1115)
FN:14,(anonymous_1116)
FN:14,(anonymous_1117)
FN:14,(anonymous_1118)
FN:14,(anonymous_1119)
FN:14,(anonymous_1120)
FN:14,(anonymous_1121)
FN:14,(anonymous_1122)
FN:14,(anonymous_1123)
FN:14,(anonymous_1124)
FN:14,(anonymous_1125)
FN:14,(anonymous_1126)
FN:14,(anonymous_1127)
FN:14,(anonymous_1128)
FN:14,(anonymous_1129)
FN:14,(anonymous_1130)
FN:14,(anonymous_1131)
FN:14,(anonymous_1132)
FN:14,(anonymous_1133)
FN:14,(anonymous_1134)
FN:14,(anonymous_1135)
FN:14,(anonymous_1136)
FN:22,u
FN:22,(anonymous_1138)
FN:22,(anonymous_1139)
FN:22,(anonymous_1140)
FN:22,p
FN:22,(anonymous_1142)
FN:22,v
FN:22,m
FN:22,E
FN:22,(anonymous_1146)
FN:22,k
FN:22,T
FN:22,P
FN:22,(anonymous_1150)
FN:22,(anonymous_1151)
FN:22,I
FN:22,O
FN:22,F
FN:22,j
FN:22,L
FN:22,U
FN:22,D
FN:22,z
FN:22,W
FN:22,B
FN:22,V
FN:22,G
FN:22,H
FN:22,q
FN:22,oe
FN:22,ue
FN:22,ae
FN:22,le
FN:22,ce
FN:22,fe
FN:22,se
FN:22,(anonymous_1173)
FN:22,(anonymous_1174)
FN:22,(anonymous_1175)
FN:22,(anonymous_1176)
FN:22,(anonymous_1177)
FN:22,(anonymous_1178)
FN:22,(anonymous_1179)
FN:22,t
FN:22,n
FN:22,Ae
FN:22,Se
FN:22,(anonymous_1184)
FN:22,(anonymous_1185)
FN:22,(anonymous_1186)
FN:22,Ce
FN:22,Ie
FN:22,Oe
FN:22,Ne
FN:22,Re
FN:22,Me
FN:22,je
FN:22,Ue
FN:22,De
FN:22,ze
FN:22,We
FN:22,Be
FN:22,(anonymous_1199)
FN:22,(anonymous_1200)
FN:22,(anonymous_1201)
FN:22,(anonymous_1202)
FN:22,(anonymous_1203)
FN:22,(anonymous_1204)
FN:22,Ve
FN:22,ut
FN:22,at
FN:22,lt
FN:22,dt
FN:22,(anonymous_1210)
FN:22,(anonymous_1211)
FN:22,(anonymous_1212)
FN:22,(anonymous_1213)
FN:22,(anonymous_1214)
FN:22,(anonymous_1215)
FN:22,(anonymous_1216)
FN:22,(anonymous_1217)
FN:22,(anonymous_1218)
FN:22,mt
FN:22,yt
FN:22,(anonymous_1221)
FN:22,(anonymous_1222)
FN:22,(anonymous_1223)
FN:22,gt
FN:22,bt
FN:22,xt
FN:22,wt
FN:22,At
FN:22,St
FN:22,Et
FN:22,(anonymous_1231)
FN:22,(anonymous_1232)
FN:22,(anonymous_1233)
FN:22,(anonymous_1234)
FN:22,Tt
FN:22,Ct
FN:22,It
FN:22,Ot
FN:22,Rt
FN:22,Mt
FN:22,Ft
FN:22,jt
FN:22,Lt
FN:22,Ut
FN:22,(anonymous_1245)
FN:22,Bt
FN:22,Vt
FN:22,(anonymous_1248)
FN:22,(anonymous_1249)
FN:22,(anonymous_1250)
FN:22,(anonymous_1251)
FN:22,Zt
FN:22,en
FN:22,tn
FN:22,nn
FN:22,rn
FN:22,(anonymous_1257)
FN:22,(anonymous_1258)
FN:22,ln
FN:22,(anonymous_1260)
FN:22,(anonymous_1261)
FN:22,(anonymous_1262)
FN:22,(anonymous_1263)
FN:22,(anonymous_1264)
FN:22,(anonymous_1265)
FN:22,bn
FN:22,(anonymous_1267)
FN:22,(anonymous_1268)
FN:22,(anonymous_1269)
FN:22,(anonymous_1270)
FN:22,Sn
FN:22,kn
FN:22,Tn
FN:22,_n
FN:22,Pn
FN:22,Nn
FN:22,Rn
FN:22,Mn
FN:22,Fn
FN:22,jn
FN:22,Ln
FN:22,Un
FN:22,e
FN:22,Qn
FN:22,(anonymous_1285)
FN:22,Yn
FN:22,(anonymous_1287)
FN:22,(anonymous_1288)
FN:22,Kn
FN:22,Xn
FN:22,qn
FN:22,Jn
FN:22,Zn
FN:22,er
FN:22,tr
FN:22,(anonymous_1296)
FN:22,(anonymous_1297)
FN:22,(anonymous_1298)
FN:22,or
FN:22,lr
FN:22,cr
FN:22,(anonymous_1302)
FN:22,(anonymous_1303)
FN:22,sr
FN:22,pr
FN:22,dr
FN:22,hr
FN:22,yr
FN:22,gr
FN:22,Sr
FN:22,Er
FN:22,_r
FN:22,Pr
FN:22,Rr
FN:22,Mr
FN:22,Fr
FN:22,jr
FN:22,Lr
FN:22,Ur
FN:22,Dr
FN:22,zr
FN:22,Vr
FN:22,(anonymous_1323)
FN:22,Gr
FN:22,Qr
FN:22,Hr
FN:22,Yr
FN:22,Kr
FN:22,Xr
FN:22,qr
FN:22,Jr
FN:22,Zr
FN:22,$r
FN:22,ei
FN:22,ti
FN:22,ni
FN:22,ri
FN:22,oi
FN:22,(anonymous_1339)
FN:22,(anonymous_1340)
FN:22,(anonymous_1341)
FN:22,(anonymous_1342)
FN:22,ai
FN:22,li
FN:22,ci
FN:22,fi
FN:22,pi
FN:22,(anonymous_1348)
FN:22,di
FN:22,hi
FN:22,t
FN:22,n
FN:22,r
FN:22,i
FN:22,o
FN:22,a
FN:22,l
FN:22,c
FN:22,f
FN:22,s
FN:22,p
FN:22,d
FN:22,h
FN:22,v
FN:22,(anonymous_1365)
FN:22,m
FN:22,(anonymous_1367)
FN:22,(anonymous_1368)
FN:22,wi
FN:22,Ai
FN:22,Si
FN:22,Ei
FN:22,ki
FN:22,Ki
FN:22,Xi
FN:22,qi
FN:22,Ji
FN:22,Zi
FN:22,$i
FN:22,eo
FN:22,to
FN:22,no
FN:22,ro
FN:22,io
FN:22,oo
FN:22,(anonymous_1386)
FN:22,(anonymous_1387)
FN:22,uo
FN:22,ao
FN:22,(anonymous_1390)
FN:22,(anonymous_1391)
FN:22,(anonymous_1392)
FN:22,(anonymous_1393)
FN:22,(anonymous_1394)
FN:22,(anonymous_1395)
FN:22,(anonymous_1396)
FN:22,(anonymous_1397)
FN:22,(anonymous_1398)
FN:22,(anonymous_1399)
FN:22,(anonymous_1400)
FN:22,(anonymous_1401)
FN:22,(anonymous_1402)
FN:22,(anonymous_1403)
FN:22,(anonymous_1404)
FN:22,vo
FN:22,mo
FN:22,yo
FN:22,go
FN:22,bo
FN:22,xo
FN:22,So
FN:22,Eo
FN:22,ko
FN:22,To
FN:22,_o
FN:22,Po
FN:22,Co
FN:22,Io
FN:22,Oo
FN:22,No
FN:22,Ro
FN:22,Mo
FN:22,(anonymous_1423)
FN:22,(anonymous_1424)
FN:22,(anonymous_1425)
FN:22,(anonymous_1426)
FN:22,Do
FN:22,zo
FN:22,Wo
FN:22,Bo
FN:22,Ko
FN:22,Xo
FN:22,qo
FN:22,Jo
FN:22,Zo
FN:22,$o
FN:22,eu
FN:22,tu
FN:22,nu
FN:22,ru
FN:22,iu
FN:22,ou
FN:22,uu
FN:22,(anonymous_1444)
FN:22,(anonymous_1445)
FN:22,(anonymous_1446)
FN:22,(anonymous_1447)
FN:22,pu
FN:22,(anonymous_1449)
FN:22,du
FN:22,hu
FN:22,vu
FN:22,mu
FN:22,yu
FN:22,gu
FN:22,bu
FN:22,(anonymous_1457)
FN:22,(anonymous_1458)
FN:22,(anonymous_1459)
FN:22,(anonymous_1460)
FN:22,wu
FN:22,(anonymous_1462)
FN:22,Au
FN:22,(anonymous_1464)
FN:22,(anonymous_1465)
FN:22,Su
FN:22,Du
FN:22,zu
FN:22,Wu
FN:22,Bu
FN:22,Vu
FN:22,Gu
FN:22,(anonymous_1473)
FN:22,(anonymous_1474)
FN:22,(anonymous_1475)
FN:22,(anonymous_1476)
FN:22,(anonymous_1477)
FN:22,Qu
FN:22,Hu
FN:22,Yu
FN:22,Ku
FN:22,Xu
FN:22,qu
FN:22,Ju
FN:22,Zu
FN:22,$u
FN:22,(anonymous_1487)
FN:22,ba
FN:22,xa
FN:22,wa
FN:22,(anonymous_1491)
FN:22,Aa
FN:22,Sa
FN:22,Ea
FN:22,Ta
FN:22,_a
FN:22,Pa
FN:22,Ca
FN:22,Ia
FN:22,Oa
FN:22,(anonymous_1501)
FN:22,Na
FN:22,Ra
FN:22,Ma
FN:22,Fa
FN:22,(anonymous_1506)
FN:22,ja
FN:22,La
FN:22,Ua
FN:22,Da
FN:22,za
FN:22,Wa
FN:22,Ba
FN:22,Va
FN:22,(anonymous_1515)
FN:22,(anonymous_1516)
FN:22,(anonymous_1517)
FN:22,(anonymous_1518)
FN:22,Ga
FN:22,(anonymous_1520)
FN:22,(anonymous_1521)
FN:22,(anonymous_1522)
FN:22,(anonymous_1523)
FN:22,(anonymous_1524)
FN:22,(anonymous_1525)
FN:22,(anonymous_1526)
FN:22,(anonymous_1527)
FN:22,(anonymous_1528)
FN:22,(anonymous_1529)
FN:22,(anonymous_1530)
FN:22,(anonymous_1531)
FN:22,(anonymous_1532)
FN:22,(anonymous_1533)
FN:22,(anonymous_1534)
FN:22,(anonymous_1535)
FN:22,(anonymous_1536)
FN:22,(anonymous_1537)
FN:22,(anonymous_1538)
FN:22,(anonymous_1539)
FN:22,(anonymous_1540)
FN:22,(anonymous_1541)
FN:22,(anonymous_1542)
FN:22,(anonymous_1543)
FN:22,(anonymous_1544)
FN:22,(anonymous_1545)
FN:22,(anonymous_1546)
FN:22,(anonymous_1547)
FN:22,(anonymous_1548)
FN:22,(anonymous_1549)
FN:22,(anonymous_1550)
FN:22,(anonymous_1551)
FN:22,(anonymous_1552)
FN:22,(anonymous_1553)
FN:31,c
FN:31,f
FN:31,s
FN:31,p
FN:31,x
FN:31,(anonymous_1559)
FN:31,(anonymous_1560)
FN:31,(anonymous_1561)
FN:31,(anonymous_1562)
FN:31,(anonymous_1563)
FN:31,(anonymous_1564)
FN:31,(anonymous_1565)
FN:31,(anonymous_1566)
FN:31,(anonymous_1567)
FN:31,(anonymous_1568)
FN:31,(anonymous_1569)
FN:31,(anonymous_1570)
FN:31,(anonymous_1571)
FN:31,(anonymous_1572)
FN:31,(anonymous_1573)
FN:31,(anonymous_1574)
FN:31,(anonymous_1575)
FN:31,(anonymous_1576)
FN:31,(anonymous_1577)
FN:31,(anonymous_1578)
FN:31,(anonymous_1579)
FN:31,(anonymous_1580)
FN:31,(anonymous_1581)
FN:31,(anonymous_1582)
FN:31,(anonymous_1583)
FN:31,(anonymous_1584)
FN:31,(anonymous_1585)
FN:31,(anonymous_1586)
FN:31,(anonymous_1587)
FN:31,(anonymous_1588)
FN:31,(anonymous_1589)
FN:31,(anonymous_1590)
FN:31,(anonymous_1591)
FN:31,(anonymous_1592)
FN:31,(anonymous_1593)
FN:31,(anonymous_1594)
FN:31,(anonymous_1595)
FN:31,(anonymous_1596)
FN:31,(anonymous_1597)
FN:31,p
FN:31,d
FN:31,h
FN:31,v
FN:31,m
FN:31,(anonymous_1603)
FN:31,y
FN:31,(anonymous_1605)
FN:31,g
FN:31,(anonymous_1607)
FN:31,(anonymous_1608)
FN:31,(anonymous_1609)
FN:31,(anonymous_1610)
FN:31,(anonymous_1611)
FN:31,(anonymous_1612)
FN:31,(anonymous_1613)
FN:31,(anonymous_1614)
FN:31,(anonymous_1615)
FN:31,(anonymous_1616)
FN:31,w
FN:31,(anonymous_1618)
FN:31,(anonymous_1619)
FN:31,(anonymous_1620)
FN:31,(anonymous_1621)
FN:31,(anonymous_1622)
FN:31,(anonymous_1623)
FN:31,c
FN:31,(anonymous_1625)
FN:31,(anonymous_1626)
FN:31,f
FN:31,s
FN:31,(anonymous_1629)
FN:31,p
FN:31,d
FN:31,(anonymous_1632)
FN:31,(anonymous_1633)
FN:31,t
FN:31,(anonymous_1635)
FN:31,(anonymous_1636)
FN:31,(anonymous_1637)
FN:31,(anonymous_1638)
FN:31,(anonymous_1639)
FN:31,(anonymous_1640)
FNF:1641
FNH:0
FNDA:0,(anonymous_0)
FNDA:0,n
FNDA:0,(anonymous_2)
FNDA:0,(anonymous_3)
FNDA:0,(anonymous_4)
FNDA:0,(anonymous_5)
FNDA:0,(anonymous_6)
FNDA:0,(anonymous_7)
FNDA:0,(anonymous_8)
FNDA:0,(anonymous_9)
FNDA:0,(anonymous_10)
FNDA:0,(anonymous_11)
FNDA:0,(anonymous_12)
FNDA:0,(anonymous_13)
FNDA:0,(anonymous_14)
FNDA:0,(anonymous_15)
FNDA:0,(anonymous_16)
FNDA:0,(anonymous_17)
FNDA:0,(anonymous_18)
FNDA:0,(anonymous_19)
FNDA:0,(anonymous_20)
FNDA:0,(anonymous_21)
FNDA:0,(anonymous_22)
FNDA:0,(anonymous_23)
FNDA:0,(anonymous_24)
FNDA:0,(anonymous_25)
FNDA:0,(anonymous_26)
FNDA:0,(anonymous_27)
FNDA:0,(anonymous_28)
FNDA:0,(anonymous_29)
FNDA:0,(anonymous_30)
FNDA:0,(anonymous_31)
FNDA:0,(anonymous_32)
FNDA:0,(anonymous_33)
FNDA:0,(anonymous_34)
FNDA:0,(anonymous_35)
FNDA:0,(anonymous_36)
FNDA:0,(anonymous_37)
FNDA:0,(anonymous_38)
FNDA:0,(anonymous_39)
FNDA:0,(anonymous_40)
FNDA:0,(anonymous_41)
FNDA:0,(anonymous_42)
FNDA:0,(anonymous_43)
FNDA:0,(anonymous_44)
FNDA:0,(anonymous_45)
FNDA:0,(anonymous_46)
FNDA:0,(anonymous_47)
FNDA:0,(anonymous_48)
FNDA:0,(anonymous_49)
FNDA:0,(anonymous_50)
FNDA:0,(anonymous_51)
FNDA:0,(anonymous_52)
FNDA:0,(anonymous_53)
FNDA:0,(anonymous_54)
FNDA:0,(anonymous_55)
FNDA:0,(anonymous_56)
FNDA:0,(anonymous_57)
FNDA:0,(anonymous_58)
FNDA:0,(anonymous_59)
FNDA:0,(anonymous_60)
FNDA:0,(anonymous_61)
FNDA:0,(anonymous_62)
FNDA:0,(anonymous_63)
FNDA:0,(anonymous_64)
FNDA:0,(anonymous_65)
FNDA:0,(anonymous_66)
FNDA:0,(anonymous_67)
FNDA:0,(anonymous_68)
FNDA:0,(anonymous_69)
FNDA:0,(anonymous_70)
FNDA:0,(anonymous_71)
FNDA:0,(anonymous_72)
FNDA:0,(anonymous_73)
FNDA:0,(anonymous_74)
FNDA:0,(anonymous_75)
FNDA:0,(anonymous_76)
FNDA:0,(anonymous_77)
FNDA:0,(anonymous_78)
FNDA:0,(anonymous_79)
FNDA:0,(anonymous_80)
FNDA:0,(anonymous_81)
FNDA:0,(anonymous_82)
FNDA:0,(anonymous_83)
FNDA:0,(anonymous_84)
FNDA:0,(anonymous_85)
FNDA:0,(anonymous_86)
FNDA:0,(anonymous_87)
FNDA:0,(anonymous_88)
FNDA:0,(anonymous_89)
FNDA:0,(anonymous_90)
FNDA:0,(anonymous_91)
FNDA:0,(anonymous_92)
FNDA:0,(anonymous_93)
FNDA:0,(anonymous_94)
FNDA:0,(anonymous_95)
FNDA:0,(anonymous_96)
FNDA:0,(anonymous_97)
FNDA:0,(anonymous_98)
FNDA:0,(anonymous_99)
FNDA:0,(anonymous_100)
FNDA:0,(anonymous_101)
FNDA:0,(anonymous_102)
FNDA:0,(anonymous_103)
FNDA:0,(anonymous_104)
FNDA:0,(anonymous_105)
FNDA:0,(anonymous_106)
FNDA:0,(anonymous_107)
FNDA:0,(anonymous_108)
FNDA:0,(anonymous_109)
FNDA:0,(anonymous_110)
FNDA:0,(anonymous_111)
FNDA:0,(anonymous_112)
FNDA:0,(anonymous_113)
FNDA:0,(anonymous_114)
FNDA:0,(anonymous_115)
FNDA:0,(anonymous_116)
FNDA:0,(anonymous_117)
FNDA:0,(anonymous_118)
FNDA:0,(anonymous_119)
FNDA:0,(anonymous_120)
FNDA:0,(anonymous_121)
FNDA:0,(anonymous_122)
FNDA:0,(anonymous_123)
FNDA:0,(anonymous_124)
FNDA:0,(anonymous_125)
FNDA:0,(anonymous_126)
FNDA:0,(anonymous_127)
FNDA:0,(anonymous_128)
FNDA:0,(anonymous_129)
FNDA:0,(anonymous_130)
FNDA:0,(anonymous_131)
FNDA:0,(anonymous_132)
FNDA:0,(anonymous_133)
FNDA:0,(anonymous_134)
FNDA:0,(anonymous_135)
FNDA:0,(anonymous_136)
FNDA:0,(anonymous_137)
FNDA:0,(anonymous_138)
FNDA:0,(anonymous_139)
FNDA:0,(anonymous_140)
FNDA:0,(anonymous_141)
FNDA:0,(anonymous_142)
FNDA:0,(anonymous_143)
FNDA:0,(anonymous_144)
FNDA:0,(anonymous_145)
FNDA:0,(anonymous_146)
FNDA:0,(anonymous_147)
FNDA:0,(anonymous_148)
FNDA:0,(anonymous_149)
FNDA:0,(anonymous_150)
FNDA:0,(anonymous_151)
FNDA:0,(anonymous_152)
FNDA:0,(anonymous_153)
FNDA:0,(anonymous_154)
FNDA:0,(anonymous_155)
FNDA:0,(anonymous_156)
FNDA:0,(anonymous_157)
FNDA:0,(anonymous_158)
FNDA:0,(anonymous_159)
FNDA:0,(anonymous_160)
FNDA:0,(anonymous_161)
FNDA:0,(anonymous_162)
FNDA:0,(anonymous_163)
FNDA:0,(anonymous_164)
FNDA:0,(anonymous_165)
FNDA:0,(anonymous_166)
FNDA:0,(anonymous_167)
FNDA:0,(anonymous_168)
FNDA:0,(anonymous_169)
FNDA:0,(anonymous_170)
FNDA:0,(anonymous_171)
FNDA:0,(anonymous_172)
FNDA:0,(anonymous_173)
FNDA:0,(anonymous_174)
FNDA:0,(anonymous_175)
FNDA:0,(anonymous_176)
FNDA:0,(anonymous_177)
FNDA:0,(anonymous_178)
FNDA:0,(anonymous_179)
FNDA:0,(anonymous_180)
FNDA:0,(anonymous_181)
FNDA:0,(anonymous_182)
FNDA:0,(anonymous_183)
FNDA:0,(anonymous_184)
FNDA:0,(anonymous_185)
FNDA:0,(anonymous_186)
FNDA:0,(anonymous_187)
FNDA:0,(anonymous_188)
FNDA:0,(anonymous_189)
FNDA:0,(anonymous_190)
FNDA:0,(anonymous_191)
FNDA:0,(anonymous_192)
FNDA:0,(anonymous_193)
FNDA:0,(anonymous_194)
FNDA:0,(anonymous_195)
FNDA:0,(anonymous_196)
FNDA:0,(anonymous_197)
FNDA:0,(anonymous_198)
FNDA:0,(anonymous_199)
FNDA:0,(anonymous_200)
FNDA:0,(anonymous_201)
FNDA:0,(anonymous_202)
FNDA:0,(anonymous_203)
FNDA:0,(anonymous_204)
FNDA:0,(anonymous_205)
FNDA:0,(anonymous_206)
FNDA:0,(anonymous_207)
FNDA:0,(anonymous_208)
FNDA:0,(anonymous_209)
FNDA:0,(anonymous_210)
FNDA:0,(anonymous_211)
FNDA:0,(anonymous_212)
FNDA:0,(anonymous_213)
FNDA:0,(anonymous_214)
FNDA:0,(anonymous_215)
FNDA:0,(anonymous_216)
FNDA:0,(anonymous_217)
FNDA:0,(anonymous_218)
FNDA:0,(anonymous_219)
FNDA:0,(anonymous_220)
FNDA:0,(anonymous_221)
FNDA:0,(anonymous_222)
FNDA:0,(anonymous_223)
FNDA:0,(anonymous_224)
FNDA:0,(anonymous_225)
FNDA:0,(anonymous_226)
FNDA:0,(anonymous_227)
FNDA:0,(anonymous_228)
FNDA:0,(anonymous_229)
FNDA:0,(anonymous_230)
FNDA:0,(anonymous_231)
FNDA:0,(anonymous_232)
FNDA:0,(anonymous_233)
FNDA:0,(anonymous_234)
FNDA:0,(anonymous_235)
FNDA:0,(anonymous_236)
FNDA:0,(anonymous_237)
FNDA:0,(anonymous_238)
FNDA:0,(anonymous_239)
FNDA:0,(anonymous_240)
FNDA:0,(anonymous_241)
FNDA:0,(anonymous_242)
FNDA:0,(anonymous_243)
FNDA:0,(anonymous_244)
FNDA:0,(anonymous_245)
FNDA:0,(anonymous_246)
FNDA:0,(anonymous_247)
FNDA:0,(anonymous_248)
FNDA:0,(anonymous_249)
FNDA:0,(anonymous_250)
FNDA:0,(anonymous_251)
FNDA:0,(anonymous_252)
FNDA:0,(anonymous_253)
FNDA:0,(anonymous_254)
FNDA:0,(anonymous_255)
FNDA:0,(anonymous_256)
FNDA:0,(anonymous_257)
FNDA:0,(anonymous_258)
FNDA:0,(anonymous_259)
FNDA:0,(anonymous_260)
FNDA:0,(anonymous_261)
FNDA:0,(anonymous_262)
FNDA:0,(anonymous_263)
FNDA:0,(anonymous_264)
FNDA:0,(anonymous_265)
FNDA:0,(anonymous_266)
FNDA:0,(anonymous_267)
FNDA:0,(anonymous_268)
FNDA:0,(anonymous_269)
FNDA:0,(anonymous_270)
FNDA:0,(anonymous_271)
FNDA:0,(anonymous_272)
FNDA:0,(anonymous_273)
FNDA:0,(anonymous_274)
FNDA:0,(anonymous_275)
FNDA:0,(anonymous_276)
FNDA:0,(anonymous_277)
FNDA:0,(anonymous_278)
FNDA:0,(anonymous_279)
FNDA:0,(anonymous_280)
FNDA:0,(anonymous_281)
FNDA:0,(anonymous_282)
FNDA:0,(anonymous_283)
FNDA:0,(anonymous_284)
FNDA:0,(anonymous_285)
FNDA:0,(anonymous_286)
FNDA:0,(anonymous_287)
FNDA:0,(anonymous_288)
FNDA:0,(anonymous_289)
FNDA:0,(anonymous_290)
FNDA:0,(anonymous_291)
FNDA:0,(anonymous_292)
FNDA:0,(anonymous_293)
FNDA:0,(anonymous_294)
FNDA:0,(anonymous_295)
FNDA:0,(anonymous_296)
FNDA:0,(anonymous_297)
FNDA:0,(anonymous_298)
FNDA:0,(anonymous_299)
FNDA:0,(anonymous_300)
FNDA:0,(anonymous_301)
FNDA:0,(anonymous_302)
FNDA:0,(anonymous_303)
FNDA:0,(anonymous_304)
FNDA:0,(anonymous_305)
FNDA:0,(anonymous_306)
FNDA:0,(anonymous_307)
FNDA:0,(anonymous_308)
FNDA:0,(anonymous_309)
FNDA:0,(anonymous_310)
FNDA:0,(anonymous_311)
FNDA:0,(anonymous_312)
FNDA:0,(anonymous_313)
FNDA:0,(anonymous_314)
FNDA:0,(anonymous_315)
FNDA:0,(anonymous_316)
FNDA:0,(anonymous_317)
FNDA:0,(anonymous_318)
FNDA:0,(anonymous_319)
FNDA:0,(anonymous_320)
FNDA:0,(anonymous_321)
FNDA:0,(anonymous_322)
FNDA:0,(anonymous_323)
FNDA:0,(anonymous_324)
FNDA:0,(anonymous_325)
FNDA:0,(anonymous_326)
FNDA:0,(anonymous_327)
FNDA:0,(anonymous_328)
FNDA:0,(anonymous_329)
FNDA:0,(anonymous_330)
FNDA:0,(anonymous_331)
FNDA:0,(anonymous_332)
FNDA:0,(anonymous_333)
FNDA:0,(anonymous_334)
FNDA:0,(anonymous_335)
FNDA:0,(anonymous_336)
FNDA:0,(anonymous_337)
FNDA:0,(anonymous_338)
FNDA:0,i
FNDA:0,(anonymous_340)
FNDA:0,(anonymous_341)
FNDA:0,(anonymous_342)
FNDA:0,M
FNDA:0,F
FNDA:0,j
FNDA:0,L
FNDA:0,U
FNDA:0,D
FNDA:0,z
FNDA:0,W
FNDA:0,B
FNDA:0,(anonymous_352)
FNDA:0,V
FNDA:0,G
FNDA:0,(anonymous_355)
FNDA:0,(anonymous_356)
FNDA:0,(anonymous_357)
FNDA:0,(anonymous_358)
FNDA:0,(anonymous_359)
FNDA:0,(anonymous_360)
FNDA:0,(anonymous_361)
FNDA:0,(anonymous_362)
FNDA:0,(anonymous_363)
FNDA:0,(anonymous_364)
FNDA:0,(anonymous_365)
FNDA:0,(anonymous_366)
FNDA:0,(anonymous_367)
FNDA:0,(anonymous_368)
FNDA:0,(anonymous_369)
FNDA:0,(anonymous_370)
FNDA:0,(anonymous_371)
FNDA:0,(anonymous_372)
FNDA:0,(anonymous_373)
FNDA:0,(anonymous_374)
FNDA:0,(anonymous_375)
FNDA:0,(anonymous_376)
FNDA:0,(anonymous_377)
FNDA:0,(anonymous_378)
FNDA:0,(anonymous_379)
FNDA:0,(anonymous_380)
FNDA:0,(anonymous_381)
FNDA:0,(anonymous_382)
FNDA:0,(anonymous_383)
FNDA:0,(anonymous_384)
FNDA:0,(anonymous_385)
FNDA:0,(anonymous_386)
FNDA:0,(anonymous_387)
FNDA:0,(anonymous_388)
FNDA:0,(anonymous_389)
FNDA:0,(anonymous_390)
FNDA:0,(anonymous_391)
FNDA:0,(anonymous_392)
FNDA:0,(anonymous_393)
FNDA:0,(anonymous_394)
FNDA:0,(anonymous_395)
FNDA:0,(anonymous_396)
FNDA:0,(anonymous_397)
FNDA:0,(anonymous_398)
FNDA:0,(anonymous_399)
FNDA:0,(anonymous_400)
FNDA:0,(anonymous_401)
FNDA:0,(anonymous_402)
FNDA:0,(anonymous_403)
FNDA:0,(anonymous_404)
FNDA:0,(anonymous_405)
FNDA:0,(anonymous_406)
FNDA:0,(anonymous_407)
FNDA:0,(anonymous_408)
FNDA:0,(anonymous_409)
FNDA:0,(anonymous_410)
FNDA:0,(anonymous_411)
FNDA:0,(anonymous_412)
FNDA:0,(anonymous_413)
FNDA:0,(anonymous_414)
FNDA:0,(anonymous_415)
FNDA:0,(anonymous_416)
FNDA:0,(anonymous_417)
FNDA:0,(anonymous_418)
FNDA:0,(anonymous_419)
FNDA:0,(anonymous_420)
FNDA:0,(anonymous_421)
FNDA:0,(anonymous_422)
FNDA:0,(anonymous_423)
FNDA:0,(anonymous_424)
FNDA:0,(anonymous_425)
FNDA:0,(anonymous_426)
FNDA:0,(anonymous_427)
FNDA:0,(anonymous_428)
FNDA:0,(anonymous_429)
FNDA:0,(anonymous_430)
FNDA:0,(anonymous_431)
FNDA:0,(anonymous_432)
FNDA:0,(anonymous_433)
FNDA:0,(anonymous_434)
FNDA:0,(anonymous_435)
FNDA:0,(anonymous_436)
FNDA:0,(anonymous_437)
FNDA:0,(anonymous_438)
FNDA:0,(anonymous_439)
FNDA:0,(anonymous_440)
FNDA:0,(anonymous_441)
FNDA:0,(anonymous_442)
FNDA:0,(anonymous_443)
FNDA:0,(anonymous_444)
FNDA:0,(anonymous_445)
FNDA:0,(anonymous_446)
FNDA:0,(anonymous_447)
FNDA:0,(anonymous_448)
FNDA:0,(anonymous_449)
FNDA:0,(anonymous_450)
FNDA:0,(anonymous_451)
FNDA:0,(anonymous_452)
FNDA:0,(anonymous_453)
FNDA:0,(anonymous_454)
FNDA:0,(anonymous_455)
FNDA:0,(anonymous_456)
FNDA:0,(anonymous_457)
FNDA:0,(anonymous_458)
FNDA:0,(anonymous_459)
FNDA:0,(anonymous_460)
FNDA:0,(anonymous_461)
FNDA:0,(anonymous_462)
FNDA:0,(anonymous_463)
FNDA:0,(anonymous_464)
FNDA:0,(anonymous_465)
FNDA:0,(anonymous_466)
FNDA:0,(anonymous_467)
FNDA:0,(anonymous_468)
FNDA:0,(anonymous_469)
FNDA:0,(anonymous_470)
FNDA:0,(anonymous_471)
FNDA:0,(anonymous_472)
FNDA:0,(anonymous_473)
FNDA:0,(anonymous_474)
FNDA:0,(anonymous_475)
FNDA:0,e
FNDA:0,(anonymous_477)
FNDA:0,(anonymous_478)
FNDA:0,(anonymous_479)
FNDA:0,(anonymous_480)
FNDA:0,(anonymous_481)
FNDA:0,(anonymous_482)
FNDA:0,(anonymous_483)
FNDA:0,(anonymous_484)
FNDA:0,(anonymous_485)
FNDA:0,(anonymous_486)
FNDA:0,(anonymous_487)
FNDA:0,(anonymous_488)
FNDA:0,(anonymous_489)
FNDA:0,(anonymous_490)
FNDA:0,(anonymous_491)
FNDA:0,(anonymous_492)
FNDA:0,(anonymous_493)
FNDA:0,(anonymous_494)
FNDA:0,e
FNDA:0,(anonymous_496)
FNDA:0,(anonymous_497)
FNDA:0,(anonymous_498)
FNDA:0,(anonymous_499)
FNDA:0,r
FNDA:0,(anonymous_501)
FNDA:0,(anonymous_502)
FNDA:0,(anonymous_503)
FNDA:0,(anonymous_504)
FNDA:0,(anonymous_505)
FNDA:0,(anonymous_506)
FNDA:0,(anonymous_507)
FNDA:0,(anonymous_508)
FNDA:0,(anonymous_509)
FNDA:0,(anonymous_510)
FNDA:0,(anonymous_511)
FNDA:0,(anonymous_512)
FNDA:0,(anonymous_513)
FNDA:0,(anonymous_514)
FNDA:0,(anonymous_515)
FNDA:0,(anonymous_516)
FNDA:0,(anonymous_517)
FNDA:0,(anonymous_518)
FNDA:0,(anonymous_519)
FNDA:0,(anonymous_520)
FNDA:0,(anonymous_521)
FNDA:0,(anonymous_522)
FNDA:0,(anonymous_523)
FNDA:0,(anonymous_524)
FNDA:0,(anonymous_525)
FNDA:0,(anonymous_526)
FNDA:0,(anonymous_527)
FNDA:0,(anonymous_528)
FNDA:0,(anonymous_529)
FNDA:0,(anonymous_530)
FNDA:0,(anonymous_531)
FNDA:0,(anonymous_532)
FNDA:0,(anonymous_533)
FNDA:0,(anonymous_534)
FNDA:0,(anonymous_535)
FNDA:0,(anonymous_536)
FNDA:0,(anonymous_537)
FNDA:0,(anonymous_538)
FNDA:0,(anonymous_539)
FNDA:0,(anonymous_540)
FNDA:0,(anonymous_541)
FNDA:0,(anonymous_542)
FNDA:0,(anonymous_543)
FNDA:0,(anonymous_544)
FNDA:0,(anonymous_545)
FNDA:0,(anonymous_546)
FNDA:0,(anonymous_547)
FNDA:0,(anonymous_548)
FNDA:0,(anonymous_549)
FNDA:0,(anonymous_550)
FNDA:0,(anonymous_551)
FNDA:0,(anonymous_552)
FNDA:0,(anonymous_553)
FNDA:0,(anonymous_554)
FNDA:0,(anonymous_555)
FNDA:0,(anonymous_556)
FNDA:0,(anonymous_557)
FNDA:0,(anonymous_558)
FNDA:0,(anonymous_559)
FNDA:0,(anonymous_560)
FNDA:0,(anonymous_561)
FNDA:0,(anonymous_562)
FNDA:0,(anonymous_563)
FNDA:0,(anonymous_564)
FNDA:0,(anonymous_565)
FNDA:0,(anonymous_566)
FNDA:0,(anonymous_567)
FNDA:0,(anonymous_568)
FNDA:0,(anonymous_569)
FNDA:0,(anonymous_570)
FNDA:0,(anonymous_571)
FNDA:0,(anonymous_572)
FNDA:0,(anonymous_573)
FNDA:0,(anonymous_574)
FNDA:0,(anonymous_575)
FNDA:0,(anonymous_576)
FNDA:0,(anonymous_577)
FNDA:0,(anonymous_578)
FNDA:0,(anonymous_579)
FNDA:0,(anonymous_580)
FNDA:0,(anonymous_581)
FNDA:0,(anonymous_582)
FNDA:0,(anonymous_583)
FNDA:0,(anonymous_584)
FNDA:0,(anonymous_585)
FNDA:0,(anonymous_586)
FNDA:0,(anonymous_587)
FNDA:0,(anonymous_588)
FNDA:0,(anonymous_589)
FNDA:0,(anonymous_590)
FNDA:0,(anonymous_591)
FNDA:0,(anonymous_592)
FNDA:0,(anonymous_593)
FNDA:0,(anonymous_594)
FNDA:0,(anonymous_595)
FNDA:0,(anonymous_596)
FNDA:0,(anonymous_597)
FNDA:0,(anonymous_598)
FNDA:0,(anonymous_599)
FNDA:0,(anonymous_600)
FNDA:0,(anonymous_601)
FNDA:0,(anonymous_602)
FNDA:0,(anonymous_603)
FNDA:0,(anonymous_604)
FNDA:0,(anonymous_605)
FNDA:0,e
FNDA:0,(anonymous_607)
FNDA:0,(anonymous_608)
FNDA:0,(anonymous_609)
FNDA:0,(anonymous_610)
FNDA:0,(anonymous_611)
FNDA:0,(anonymous_612)
FNDA:0,(anonymous_613)
FNDA:0,(anonymous_614)
FNDA:0,(anonymous_615)
FNDA:0,(anonymous_616)
FNDA:0,(anonymous_617)
FNDA:0,(anonymous_618)
FNDA:0,(anonymous_619)
FNDA:0,(anonymous_620)
FNDA:0,(anonymous_621)
FNDA:0,(anonymous_622)
FNDA:0,(anonymous_623)
FNDA:0,(anonymous_624)
FNDA:0,(anonymous_625)
FNDA:0,(anonymous_626)
FNDA:0,(anonymous_627)
FNDA:0,(anonymous_628)
FNDA:0,(anonymous_629)
FNDA:0,(anonymous_630)
FNDA:0,(anonymous_631)
FNDA:0,(anonymous_632)
FNDA:0,(anonymous_633)
FNDA:0,(anonymous_634)
FNDA:0,(anonymous_635)
FNDA:0,(anonymous_636)
FNDA:0,(anonymous_637)
FNDA:0,(anonymous_638)
FNDA:0,(anonymous_639)
FNDA:0,(anonymous_640)
FNDA:0,(anonymous_641)
FNDA:0,(anonymous_642)
FNDA:0,(anonymous_643)
FNDA:0,(anonymous_644)
FNDA:0,(anonymous_645)
FNDA:0,(anonymous_646)
FNDA:0,(anonymous_647)
FNDA:0,(anonymous_648)
FNDA:0,(anonymous_649)
FNDA:0,(anonymous_650)
FNDA:0,(anonymous_651)
FNDA:0,(anonymous_652)
FNDA:0,(anonymous_653)
FNDA:0,(anonymous_654)
FNDA:0,(anonymous_655)
FNDA:0,(anonymous_656)
FNDA:0,(anonymous_657)
FNDA:0,(anonymous_658)
FNDA:0,(anonymous_659)
FNDA:0,(anonymous_660)
FNDA:0,(anonymous_661)
FNDA:0,(anonymous_662)
FNDA:0,(anonymous_663)
FNDA:0,(anonymous_664)
FNDA:0,(anonymous_665)
FNDA:0,(anonymous_666)
FNDA:0,(anonymous_667)
FNDA:0,(anonymous_668)
FNDA:0,(anonymous_669)
FNDA:0,(anonymous_670)
FNDA:0,(anonymous_671)
FNDA:0,(anonymous_672)
FNDA:0,(anonymous_673)
FNDA:0,(anonymous_674)
FNDA:0,(anonymous_675)
FNDA:0,(anonymous_676)
FNDA:0,(anonymous_677)
FNDA:0,(anonymous_678)
FNDA:0,(anonymous_679)
FNDA:0,(anonymous_680)
FNDA:0,(anonymous_681)
FNDA:0,(anonymous_682)
FNDA:0,(anonymous_683)
FNDA:0,(anonymous_684)
FNDA:0,(anonymous_685)
FNDA:0,(anonymous_686)
FNDA:0,(anonymous_687)
FNDA:0,(anonymous_688)
FNDA:0,(anonymous_689)
FNDA:0,(anonymous_690)
FNDA:0,(anonymous_691)
FNDA:0,(anonymous_692)
FNDA:0,(anonymous_693)
FNDA:0,(anonymous_694)
FNDA:0,(anonymous_695)
FNDA:0,(anonymous_696)
FNDA:0,(anonymous_697)
FNDA:0,(anonymous_698)
FNDA:0,(anonymous_699)
FNDA:0,(anonymous_700)
FNDA:0,(anonymous_701)
FNDA:0,(anonymous_702)
FNDA:0,(anonymous_703)
FNDA:0,(anonymous_704)
FNDA:0,(anonymous_705)
FNDA:0,(anonymous_706)
FNDA:0,(anonymous_707)
FNDA:0,(anonymous_708)
FNDA:0,(anonymous_709)
FNDA:0,(anonymous_710)
FNDA:0,(anonymous_711)
FNDA:0,(anonymous_712)
FNDA:0,(anonymous_713)
FNDA:0,(anonymous_714)
FNDA:0,(anonymous_715)
FNDA:0,e
FNDA:0,(anonymous_717)
FNDA:0,(anonymous_718)
FNDA:0,(anonymous_719)
FNDA:0,(anonymous_720)
FNDA:0,(anonymous_721)
FNDA:0,(anonymous_722)
FNDA:0,(anonymous_723)
FNDA:0,(anonymous_724)
FNDA:0,(anonymous_725)
FNDA:0,(anonymous_726)
FNDA:0,(anonymous_727)
FNDA:0,(anonymous_728)
FNDA:0,(anonymous_729)
FNDA:0,(anonymous_730)
FNDA:0,(anonymous_731)
FNDA:0,(anonymous_732)
FNDA:0,(anonymous_733)
FNDA:0,(anonymous_734)
FNDA:0,(anonymous_735)
FNDA:0,(anonymous_736)
FNDA:0,(anonymous_737)
FNDA:0,(anonymous_738)
FNDA:0,(anonymous_739)
FNDA:0,(anonymous_740)
FNDA:0,(anonymous_741)
FNDA:0,(anonymous_742)
FNDA:0,(anonymous_743)
FNDA:0,(anonymous_744)
FNDA:0,(anonymous_745)
FNDA:0,(anonymous_746)
FNDA:0,(anonymous_747)
FNDA:0,(anonymous_748)
FNDA:0,(anonymous_749)
FNDA:0,(anonymous_750)
FNDA:0,(anonymous_751)
FNDA:0,(anonymous_752)
FNDA:0,(anonymous_753)
FNDA:0,(anonymous_754)
FNDA:0,(anonymous_755)
FNDA:0,(anonymous_756)
FNDA:0,(anonymous_757)
FNDA:0,(anonymous_758)
FNDA:0,(anonymous_759)
FNDA:0,(anonymous_760)
FNDA:0,(anonymous_761)
FNDA:0,(anonymous_762)
FNDA:0,(anonymous_763)
FNDA:0,(anonymous_764)
FNDA:0,(anonymous_765)
FNDA:0,(anonymous_766)
FNDA:0,(anonymous_767)
FNDA:0,(anonymous_768)
FNDA:0,(anonymous_769)
FNDA:0,(anonymous_770)
FNDA:0,(anonymous_771)
FNDA:0,v
FNDA:0,(anonymous_773)
FNDA:0,(anonymous_774)
FNDA:0,(anonymous_775)
FNDA:0,(anonymous_776)
FNDA:0,(anonymous_777)
FNDA:0,(anonymous_778)
FNDA:0,(anonymous_779)
FNDA:0,(anonymous_780)
FNDA:0,(anonymous_781)
FNDA:0,(anonymous_782)
FNDA:0,(anonymous_783)
FNDA:0,(anonymous_784)
FNDA:0,(anonymous_785)
FNDA:0,(anonymous_786)
FNDA:0,(anonymous_787)
FNDA:0,(anonymous_788)
FNDA:0,(anonymous_789)
FNDA:0,(anonymous_790)
FNDA:0,(anonymous_791)
FNDA:0,(anonymous_792)
FNDA:0,(anonymous_793)
FNDA:0,(anonymous_794)
FNDA:0,(anonymous_795)
FNDA:0,(anonymous_796)
FNDA:0,(anonymous_797)
FNDA:0,(anonymous_798)
FNDA:0,(anonymous_799)
FNDA:0,(anonymous_800)
FNDA:0,(anonymous_801)
FNDA:0,(anonymous_802)
FNDA:0,(anonymous_803)
FNDA:0,(anonymous_804)
FNDA:0,(anonymous_805)
FNDA:0,(anonymous_806)
FNDA:0,(anonymous_807)
FNDA:0,(anonymous_808)
FNDA:0,(anonymous_809)
FNDA:0,(anonymous_810)
FNDA:0,(anonymous_811)
FNDA:0,(anonymous_812)
FNDA:0,(anonymous_813)
FNDA:0,(anonymous_814)
FNDA:0,(anonymous_815)
FNDA:0,(anonymous_816)
FNDA:0,(anonymous_817)
FNDA:0,(anonymous_818)
FNDA:0,(anonymous_819)
FNDA:0,(anonymous_820)
FNDA:0,(anonymous_821)
FNDA:0,(anonymous_822)
FNDA:0,(anonymous_823)
FNDA:0,(anonymous_824)
FNDA:0,(anonymous_825)
FNDA:0,(anonymous_826)
FNDA:0,(anonymous_827)
FNDA:0,(anonymous_828)
FNDA:0,(anonymous_829)
FNDA:0,(anonymous_830)
FNDA:0,(anonymous_831)
FNDA:0,(anonymous_832)
FNDA:0,(anonymous_833)
FNDA:0,(anonymous_834)
FNDA:0,(anonymous_835)
FNDA:0,(anonymous_836)
FNDA:0,(anonymous_837)
FNDA:0,(anonymous_838)
FNDA:0,(anonymous_839)
FNDA:0,(anonymous_840)
FNDA:0,(anonymous_841)
FNDA:0,(anonymous_842)
FNDA:0,(anonymous_843)
FNDA:0,(anonymous_844)
FNDA:0,(anonymous_845)
FNDA:0,(anonymous_846)
FNDA:0,(anonymous_847)
FNDA:0,(anonymous_848)
FNDA:0,(anonymous_849)
FNDA:0,(anonymous_850)
FNDA:0,(anonymous_851)
FNDA:0,(anonymous_852)
FNDA:0,(anonymous_853)
FNDA:0,(anonymous_854)
FNDA:0,(anonymous_855)
FNDA:0,(anonymous_856)
FNDA:0,(anonymous_857)
FNDA:0,(anonymous_858)
FNDA:0,e
FNDA:0,(anonymous_860)
FNDA:0,(anonymous_861)
FNDA:0,(anonymous_862)
FNDA:0,(anonymous_863)
FNDA:0,(anonymous_864)
FNDA:0,(anonymous_865)
FNDA:0,(anonymous_866)
FNDA:0,(anonymous_867)
FNDA:0,(anonymous_868)
FNDA:0,(anonymous_869)
FNDA:0,(anonymous_870)
FNDA:0,(anonymous_871)
FNDA:0,(anonymous_872)
FNDA:0,(anonymous_873)
FNDA:0,e
FNDA:0,(anonymous_875)
FNDA:0,(anonymous_876)
FNDA:0,(anonymous_877)
FNDA:0,(anonymous_878)
FNDA:0,(anonymous_879)
FNDA:0,(anonymous_880)
FNDA:0,(anonymous_881)
FNDA:0,(anonymous_882)
FNDA:0,(anonymous_883)
FNDA:0,(anonymous_884)
FNDA:0,(anonymous_885)
FNDA:0,(anonymous_886)
FNDA:0,e
FNDA:0,(anonymous_888)
FNDA:0,(anonymous_889)
FNDA:0,(anonymous_890)
FNDA:0,(anonymous_891)
FNDA:0,(anonymous_892)
FNDA:0,(anonymous_893)
FNDA:0,(anonymous_894)
FNDA:0,(anonymous_895)
FNDA:0,(anonymous_896)
FNDA:0,(anonymous_897)
FNDA:0,(anonymous_898)
FNDA:0,(anonymous_899)
FNDA:0,(anonymous_900)
FNDA:0,(anonymous_901)
FNDA:0,(anonymous_902)
FNDA:0,(anonymous_903)
FNDA:0,(anonymous_904)
FNDA:0,(anonymous_905)
FNDA:0,(anonymous_906)
FNDA:0,(anonymous_907)
FNDA:0,(anonymous_908)
FNDA:0,(anonymous_909)
FNDA:0,(anonymous_910)
FNDA:0,(anonymous_911)
FNDA:0,(anonymous_912)
FNDA:0,(anonymous_913)
FNDA:0,(anonymous_914)
FNDA:0,(anonymous_915)
FNDA:0,(anonymous_916)
FNDA:0,(anonymous_917)
FNDA:0,(anonymous_918)
FNDA:0,(anonymous_919)
FNDA:0,(anonymous_920)
FNDA:0,(anonymous_921)
FNDA:0,(anonymous_922)
FNDA:0,(anonymous_923)
FNDA:0,(anonymous_924)
FNDA:0,(anonymous_925)
FNDA:0,(anonymous_926)
FNDA:0,(anonymous_927)
FNDA:0,(anonymous_928)
FNDA:0,(anonymous_929)
FNDA:0,(anonymous_930)
FNDA:0,(anonymous_931)
FNDA:0,(anonymous_932)
FNDA:0,(anonymous_933)
FNDA:0,(anonymous_934)
FNDA:0,(anonymous_935)
FNDA:0,(anonymous_936)
FNDA:0,(anonymous_937)
FNDA:0,(anonymous_938)
FNDA:0,(anonymous_939)
FNDA:0,(anonymous_940)
FNDA:0,(anonymous_941)
FNDA:0,(anonymous_942)
FNDA:0,(anonymous_943)
FNDA:0,(anonymous_944)
FNDA:0,(anonymous_945)
FNDA:0,(anonymous_946)
FNDA:0,(anonymous_947)
FNDA:0,(anonymous_948)
FNDA:0,(anonymous_949)
FNDA:0,(anonymous_950)
FNDA:0,(anonymous_951)
FNDA:0,(anonymous_952)
FNDA:0,(anonymous_953)
FNDA:0,(anonymous_954)
FNDA:0,(anonymous_955)
FNDA:0,(anonymous_956)
FNDA:0,(anonymous_957)
FNDA:0,(anonymous_958)
FNDA:0,(anonymous_959)
FNDA:0,(anonymous_960)
FNDA:0,(anonymous_961)
FNDA:0,(anonymous_962)
FNDA:0,(anonymous_963)
FNDA:0,(anonymous_964)
FNDA:0,(anonymous_965)
FNDA:0,(anonymous_966)
FNDA:0,(anonymous_967)
FNDA:0,(anonymous_968)
FNDA:0,(anonymous_969)
FNDA:0,(anonymous_970)
FNDA:0,(anonymous_971)
FNDA:0,(anonymous_972)
FNDA:0,(anonymous_973)
FNDA:0,(anonymous_974)
FNDA:0,(anonymous_975)
FNDA:0,(anonymous_976)
FNDA:0,(anonymous_977)
FNDA:0,(anonymous_978)
FNDA:0,(anonymous_979)
FNDA:0,(anonymous_980)
FNDA:0,(anonymous_981)
FNDA:0,(anonymous_982)
FNDA:0,(anonymous_983)
FNDA:0,(anonymous_984)
FNDA:0,(anonymous_985)
FNDA:0,(anonymous_986)
FNDA:0,(anonymous_987)
FNDA:0,(anonymous_988)
FNDA:0,(anonymous_989)
FNDA:0,(anonymous_990)
FNDA:0,(anonymous_991)
FNDA:0,(anonymous_992)
FNDA:0,(anonymous_993)
FNDA:0,(anonymous_994)
FNDA:0,(anonymous_995)
FNDA:0,(anonymous_996)
FNDA:0,(anonymous_997)
FNDA:0,(anonymous_998)
FNDA:0,(anonymous_999)
FNDA:0,(anonymous_1000)
FNDA:0,(anonymous_1001)
FNDA:0,(anonymous_1002)
FNDA:0,(anonymous_1003)
FNDA:0,(anonymous_1004)
FNDA:0,(anonymous_1005)
FNDA:0,(anonymous_1006)
FNDA:0,(anonymous_1007)
FNDA:0,(anonymous_1008)
FNDA:0,(anonymous_1009)
FNDA:0,(anonymous_1010)
FNDA:0,(anonymous_1011)
FNDA:0,(anonymous_1012)
FNDA:0,(anonymous_1013)
FNDA:0,(anonymous_1014)
FNDA:0,(anonymous_1015)
FNDA:0,(anonymous_1016)
FNDA:0,(anonymous_1017)
FNDA:0,(anonymous_1018)
FNDA:0,(anonymous_1019)
FNDA:0,(anonymous_1020)
FNDA:0,(anonymous_1021)
FNDA:0,(anonymous_1022)
FNDA:0,(anonymous_1023)
FNDA:0,(anonymous_1024)
FNDA:0,(anonymous_1025)
FNDA:0,(anonymous_1026)
FNDA:0,(anonymous_1027)
FNDA:0,(anonymous_1028)
FNDA:0,(anonymous_1029)
FNDA:0,(anonymous_1030)
FNDA:0,(anonymous_1031)
FNDA:0,(anonymous_1032)
FNDA:0,(anonymous_1033)
FNDA:0,(anonymous_1034)
FNDA:0,(anonymous_1035)
FNDA:0,(anonymous_1036)
FNDA:0,(anonymous_1037)
FNDA:0,(anonymous_1038)
FNDA:0,(anonymous_1039)
FNDA:0,(anonymous_1040)
FNDA:0,(anonymous_1041)
FNDA:0,n
FNDA:0,(anonymous_1043)
FNDA:0,(anonymous_1044)
FNDA:0,(anonymous_1045)
FNDA:0,r
FNDA:0,(anonymous_1047)
FNDA:0,(anonymous_1048)
FNDA:0,(anonymous_1049)
FNDA:0,(anonymous_1050)
FNDA:0,(anonymous_1051)
FNDA:0,x
FNDA:0,(anonymous_1053)
FNDA:0,(anonymous_1054)
FNDA:0,w
FNDA:0,A
FNDA:0,S
FNDA:0,E
FNDA:0,k
FNDA:0,(anonymous_1060)
FNDA:0,(anonymous_1061)
FNDA:0,T
FNDA:0,n
FNDA:0,(anonymous_1064)
FNDA:0,(anonymous_1065)
FNDA:0,(anonymous_1066)
FNDA:0,(anonymous_1067)
FNDA:0,i
FNDA:0,(anonymous_1069)
FNDA:0,_
FNDA:0,P
FNDA:0,C
FNDA:0,I
FNDA:0,O
FNDA:0,t
FNDA:0,N
FNDA:0,(anonymous_1077)
FNDA:0,(anonymous_1078)
FNDA:0,(anonymous_1079)
FNDA:0,(anonymous_1080)
FNDA:0,(anonymous_1081)
FNDA:0,(anonymous_1082)
FNDA:0,(anonymous_1083)
FNDA:0,(anonymous_1084)
FNDA:0,g
FNDA:0,(anonymous_1086)
FNDA:0,(anonymous_1087)
FNDA:0,(anonymous_1088)
FNDA:0,(anonymous_1089)
FNDA:0,(anonymous_1090)
FNDA:0,(anonymous_1091)
FNDA:0,w
FNDA:0,A
FNDA:0,S
FNDA:0,(anonymous_1095)
FNDA:0,(anonymous_1096)
FNDA:0,C
FNDA:0,I
FNDA:0,R
FNDA:0,M
FNDA:0,F
FNDA:0,e
FNDA:0,j
FNDA:0,(anonymous_1104)
FNDA:0,(anonymous_1105)
FNDA:0,L
FNDA:0,U
FNDA:0,(anonymous_1108)
FNDA:0,(anonymous_1109)
FNDA:0,D
FNDA:0,z
FNDA:0,(anonymous_1112)
FNDA:0,(anonymous_1113)
FNDA:0,(anonymous_1114)
FNDA:0,(anonymous_1115)
FNDA:0,(anonymous_1116)
FNDA:0,(anonymous_1117)
FNDA:0,(anonymous_1118)
FNDA:0,(anonymous_1119)
FNDA:0,(anonymous_1120)
FNDA:0,(anonymous_1121)
FNDA:0,(anonymous_1122)
FNDA:0,(anonymous_1123)
FNDA:0,(anonymous_1124)
FNDA:0,(anonymous_1125)
FNDA:0,(anonymous_1126)
FNDA:0,(anonymous_1127)
FNDA:0,(anonymous_1128)
FNDA:0,(anonymous_1129)
FNDA:0,(anonymous_1130)
FNDA:0,(anonymous_1131)
FNDA:0,(anonymous_1132)
FNDA:0,(anonymous_1133)
FNDA:0,(anonymous_1134)
FNDA:0,(anonymous_1135)
FNDA:0,(anonymous_1136)
FNDA:0,u
FNDA:0,(anonymous_1138)
FNDA:0,(anonymous_1139)
FNDA:0,(anonymous_1140)
FNDA:0,p
FNDA:0,(anonymous_1142)
FNDA:0,v
FNDA:0,m
FNDA:0,E
FNDA:0,(anonymous_1146)
FNDA:0,k
FNDA:0,T
FNDA:0,P
FNDA:0,(anonymous_1150)
FNDA:0,(anonymous_1151)
FNDA:0,I
FNDA:0,O
FNDA:0,F
FNDA:0,j
FNDA:0,L
FNDA:0,U
FNDA:0,D
FNDA:0,z
FNDA:0,W
FNDA:0,B
FNDA:0,V
FNDA:0,G
FNDA:0,H
FNDA:0,q
FNDA:0,oe
FNDA:0,ue
FNDA:0,ae
FNDA:0,le
FNDA:0,ce
FNDA:0,fe
FNDA:0,se
FNDA:0,(anonymous_1173)
FNDA:0,(anonymous_1174)
FNDA:0,(anonymous_1175)
FNDA:0,(anonymous_1176)
FNDA:0,(anonymous_1177)
FNDA:0,(anonymous_1178)
FNDA:0,(anonymous_1179)
FNDA:0,t
FNDA:0,n
FNDA:0,Ae
FNDA:0,Se
FNDA:0,(anonymous_1184)
FNDA:0,(anonymous_1185)
FNDA:0,(anonymous_1186)
FNDA:0,Ce
FNDA:0,Ie
FNDA:0,Oe
FNDA:0,Ne
FNDA:0,Re
FNDA:0,Me
FNDA:0,je
FNDA:0,Ue
FNDA:0,De
FNDA:0,ze
FNDA:0,We
FNDA:0,Be
FNDA:0,(anonymous_1199)
FNDA:0,(anonymous_1200)
FNDA:0,(anonymous_1201)
FNDA:0,(anonymous_1202)
FNDA:0,(anonymous_1203)
FNDA:0,(anonymous_1204)
FNDA:0,Ve
FNDA:0,ut
FNDA:0,at
FNDA:0,lt
FNDA:0,dt
FNDA:0,(anonymous_1210)
FNDA:0,(anonymous_1211)
FNDA:0,(anonymous_1212)
FNDA:0,(anonymous_1213)
FNDA:0,(anonymous_1214)
FNDA:0,(anonymous_1215)
FNDA:0,(anonymous_1216)
FNDA:0,(anonymous_1217)
FNDA:0,(anonymous_1218)
FNDA:0,mt
FNDA:0,yt
FNDA:0,(anonymous_1221)
FNDA:0,(anonymous_1222)
FNDA:0,(anonymous_1223)
FNDA:0,gt
FNDA:0,bt
FNDA:0,xt
FNDA:0,wt
FNDA:0,At
FNDA:0,St
FNDA:0,Et
FNDA:0,(anonymous_1231)
FNDA:0,(anonymous_1232)
FNDA:0,(anonymous_1233)
FNDA:0,(anonymous_1234)
FNDA:0,Tt
FNDA:0,Ct
FNDA:0,It
FNDA:0,Ot
FNDA:0,Rt
FNDA:0,Mt
FNDA:0,Ft
FNDA:0,jt
FNDA:0,Lt
FNDA:0,Ut
FNDA:0,(anonymous_1245)
FNDA:0,Bt
FNDA:0,Vt
FNDA:0,(anonymous_1248)
FNDA:0,(anonymous_1249)
FNDA:0,(anonymous_1250)
FNDA:0,(anonymous_1251)
FNDA:0,Zt
FNDA:0,en
FNDA:0,tn
FNDA:0,nn
FNDA:0,rn
FNDA:0,(anonymous_1257)
FNDA:0,(anonymous_1258)
FNDA:0,ln
FNDA:0,(anonymous_1260)
FNDA:0,(anonymous_1261)
FNDA:0,(anonymous_1262)
FNDA:0,(anonymous_1263)
FNDA:0,(anonymous_1264)
FNDA:0,(anonymous_1265)
FNDA:0,bn
FNDA:0,(anonymous_1267)
FNDA:0,(anonymous_1268)
FNDA:0,(anonymous_1269)
FNDA:0,(anonymous_1270)
FNDA:0,Sn
FNDA:0,kn
FNDA:0,Tn
FNDA:0,_n
FNDA:0,Pn
FNDA:0,Nn
FNDA:0,Rn
FNDA:0,Mn
FNDA:0,Fn
FNDA:0,jn
FNDA:0,Ln
FNDA:0,Un
FNDA:0,e
FNDA:0,Qn
FNDA:0,(anonymous_1285)
FNDA:0,Yn
FNDA:0,(anonymous_1287)
FNDA:0,(anonymous_1288)
FNDA:0,Kn
FNDA:0,Xn
FNDA:0,qn
FNDA:0,Jn
FNDA:0,Zn
FNDA:0,er
FNDA:0,tr
FNDA:0,(anonymous_1296)
FNDA:0,(anonymous_1297)
FNDA:0,(anonymous_1298)
FNDA:0,or
FNDA:0,lr
FNDA:0,cr
FNDA:0,(anonymous_1302)
FNDA:0,(anonymous_1303)
FNDA:0,sr
FNDA:0,pr
FNDA:0,dr
FNDA:0,hr
FNDA:0,yr
FNDA:0,gr
FNDA:0,Sr
FNDA:0,Er
FNDA:0,_r
FNDA:0,Pr
FNDA:0,Rr
FNDA:0,Mr
FNDA:0,Fr
FNDA:0,jr
FNDA:0,Lr
FNDA:0,Ur
FNDA:0,Dr
FNDA:0,zr
FNDA:0,Vr
FNDA:0,(anonymous_1323)
FNDA:0,Gr
FNDA:0,Qr
FNDA:0,Hr
FNDA:0,Yr
FNDA:0,Kr
FNDA:0,Xr
FNDA:0,qr
FNDA:0,Jr
FNDA:0,Zr
FNDA:0,$r
FNDA:0,ei
FNDA:0,ti
FNDA:0,ni
FNDA:0,ri
FNDA:0,oi
FNDA:0,(anonymous_1339)
FNDA:0,(anonymous_1340)
FNDA:0,(anonymous_1341)
FNDA:0,(anonymous_1342)
FNDA:0,ai
FNDA:0,li
FNDA:0,ci
FNDA:0,fi
FNDA:0,pi
FNDA:0,(anonymous_1348)
FNDA:0,di
FNDA:0,hi
FNDA:0,t
FNDA:0,n
FNDA:0,r
FNDA:0,i
FNDA:0,o
FNDA:0,a
FNDA:0,l
FNDA:0,c
FNDA:0,f
FNDA:0,s
FNDA:0,p
FNDA:0,d
FNDA:0,h
FNDA:0,v
FNDA:0,(anonymous_1365)
FNDA:0,m
FNDA:0,(anonymous_1367)
FNDA:0,(anonymous_1368)
FNDA:0,wi
FNDA:0,Ai
FNDA:0,Si
FNDA:0,Ei
FNDA:0,ki
FNDA:0,Ki
FNDA:0,Xi
FNDA:0,qi
FNDA:0,Ji
FNDA:0,Zi
FNDA:0,$i
FNDA:0,eo
FNDA:0,to
FNDA:0,no
FNDA:0,ro
FNDA:0,io
FNDA:0,oo
FNDA:0,(anonymous_1386)
FNDA:0,(anonymous_1387)
FNDA:0,uo
FNDA:0,ao
FNDA:0,(anonymous_1390)
FNDA:0,(anonymous_1391)
FNDA:0,(anonymous_1392)
FNDA:0,(anonymous_1393)
FNDA:0,(anonymous_1394)
FNDA:0,(anonymous_1395)
FNDA:0,(anonymous_1396)
FNDA:0,(anonymous_1397)
FNDA:0,(anonymous_1398)
FNDA:0,(anonymous_1399)
FNDA:0,(anonymous_1400)
FNDA:0,(anonymous_1401)
FNDA:0,(anonymous_1402)
FNDA:0,(anonymous_1403)
FNDA:0,(anonymous_1404)
FNDA:0,vo
FNDA:0,mo
FNDA:0,yo
FNDA:0,go
FNDA:0,bo
FNDA:0,xo
FNDA:0,So
FNDA:0,Eo
FNDA:0,ko
FNDA:0,To
FNDA:0,_o
FNDA:0,Po
FNDA:0,Co
FNDA:0,Io
FNDA:0,Oo
FNDA:0,No
FNDA:0,Ro
FNDA:0,Mo
FNDA:0,(anonymous_1423)
FNDA:0,(anonymous_1424)
FNDA:0,(anonymous_1425)
FNDA:0,(anonymous_1426)
FNDA:0,Do
FNDA:0,zo
FNDA:0,Wo
FNDA:0,Bo
FNDA:0,Ko
FNDA:0,Xo
FNDA:0,qo
FNDA:0,Jo
FNDA:0,Zo
FNDA:0,$o
FNDA:0,eu
FNDA:0,tu
FNDA:0,nu
FNDA:0,ru
FNDA:0,iu
FNDA:0,ou
FNDA:0,uu
FNDA:0,(anonymous_1444)
FNDA:0,(anonymous_1445)
FNDA:0,(anonymous_1446)
FNDA:0,(anonymous_1447)
FNDA:0,pu
FNDA:0,(anonymous_1449)
FNDA:0,du
FNDA:0,hu
FNDA:0,vu
FNDA:0,mu
FNDA:0,yu
FNDA:0,gu
FNDA:0,bu
FNDA:0,(anonymous_1457)
FNDA:0,(anonymous_1458)
FNDA:0,(anonymous_1459)
FNDA:0,(anonymous_1460)
FNDA:0,wu
FNDA:0,(anonymous_1462)
FNDA:0,Au
FNDA:0,(anonymous_1464)
FNDA:0,(anonymous_1465)
FNDA:0,Su
FNDA:0,Du
FNDA:0,zu
FNDA:0,Wu
FNDA:0,Bu
FNDA:0,Vu
FNDA:0,Gu
FNDA:0,(anonymous_1473)
FNDA:0,(anonymous_1474)
FNDA:0,(anonymous_1475)
FNDA:0,(anonymous_1476)
FNDA:0,(anonymous_1477)
FNDA:0,Qu
FNDA:0,Hu
FNDA:0,Yu
FNDA:0,Ku
FNDA:0,Xu
FNDA:0,qu
FNDA:0,Ju
FNDA:0,Zu
FNDA:0,$u
FNDA:0,(anonymous_1487)
FNDA:0,ba
FNDA:0,xa
FNDA:0,wa
FNDA:0,(anonymous_1491)
FNDA:0,Aa
FNDA:0,Sa
FNDA:0,Ea
FNDA:0,Ta
FNDA:0,_a
FNDA:0,Pa
FNDA:0,Ca
FNDA:0,Ia
FNDA:0,Oa
FNDA:0,(anonymous_1501)
FNDA:0,Na
FNDA:0,Ra
FNDA:0,Ma
FNDA:0,Fa
FNDA:0,(anonymous_1506)
FNDA:0,ja
FNDA:0,La
FNDA:0,Ua
FNDA:0,Da
FNDA:0,za
FNDA:0,Wa
FNDA:0,Ba
FNDA:0,Va
FNDA:0,(anonymous_1515)
FNDA:0,(anonymous_1516)
FNDA:0,(anonymous_1517)
FNDA:0,(anonymous_1518)
FNDA:0,Ga
FNDA:0,(anonymous_1520)
FNDA:0,(anonymous_1521)
FNDA:0,(anonymous_1522)
FNDA:0,(anonymous_1523)
FNDA:0,(anonymous_1524)
FNDA:0,(anonymous_1525)
FNDA:0,(anonymous_1526)
FNDA:0,(anonymous_1527)
FNDA:0,(anonymous_1528)
FNDA:0,(anonymous_1529)
FNDA:0,(anonymous_1530)
FNDA:0,(anonymous_1531)
FNDA:0,(anonymous_1532)
FNDA:0,(anonymous_1533)
FNDA:0,(anonymous_1534)
FNDA:0,(anonymous_1535)
FNDA:0,(anonymous_1536)
FNDA:0,(anonymous_1537)
FNDA:0,(anonymous_1538)
FNDA:0,(anonymous_1539)
FNDA:0,(anonymous_1540)
FNDA:0,(anonymous_1541)
FNDA:0,(anonymous_1542)
FNDA:0,(anonymous_1543)
FNDA:0,(anonymous_1544)
FNDA:0,(anonymous_1545)
FNDA:0,(anonymous_1546)
FNDA:0,(anonymous_1547)
FNDA:0,(anonymous_1548)
FNDA:0,(anonymous_1549)
FNDA:0,(anonymous_1550)
FNDA:0,(anonymous_1551)
FNDA:0,(anonymous_1552)
FNDA:0,(anonymous_1553)
FNDA:0,c
FNDA:0,f
FNDA:0,s
FNDA:0,p
FNDA:0,x
FNDA:0,(anonymous_1559)
FNDA:0,(anonymous_1560)
FNDA:0,(anonymous_1561)
FNDA:0,(anonymous_1562)
FNDA:0,(anonymous_1563)
FNDA:0,(anonymous_1564)
FNDA:0,(anonymous_1565)
FNDA:0,(anonymous_1566)
FNDA:0,(anonymous_1567)
FNDA:0,(anonymous_1568)
FNDA:0,(anonymous_1569)
FNDA:0,(anonymous_1570)
FNDA:0,(anonymous_1571)
FNDA:0,(anonymous_1572)
FNDA:0,(anonymous_1573)
FNDA:0,(anonymous_1574)
FNDA:0,(anonymous_1575)
FNDA:0,(anonymous_1576)
FNDA:0,(anonymous_1577)
FNDA:0,(anonymous_1578)
FNDA:0,(anonymous_1579)
FNDA:0,(anonymous_1580)
FNDA:0,(anonymous_1581)
FNDA:0,(anonymous_1582)
FNDA:0,(anonymous_1583)
FNDA:0,(anonymous_1584)
FNDA:0,(anonymous_1585)
FNDA:0,(anonymous_1586)
FNDA:0,(anonymous_1587)
FNDA:0,(anonymous_1588)
FNDA:0,(anonymous_1589)
FNDA:0,(anonymous_1590)
FNDA:0,(anonymous_1591)
FNDA:0,(anonymous_1592)
FNDA:0,(anonymous_1593)
FNDA:0,(anonymous_1594)
FNDA:0,(anonymous_1595)
FNDA:0,(anonymous_1596)
FNDA:0,(anonymous_1597)
FNDA:0,p
FNDA:0,d
FNDA:0,h
FNDA:0,v
FNDA:0,m
FNDA:0,(anonymous_1603)
FNDA:0,y
FNDA:0,(anonymous_1605)
FNDA:0,g
FNDA:0,(anonymous_1607)
FNDA:0,(anonymous_1608)
FNDA:0,(anonymous_1609)
FNDA:0,(anonymous_1610)
FNDA:0,(anonymous_1611)
FNDA:0,(anonymous_1612)
FNDA:0,(anonymous_1613)
FNDA:0,(anonymous_1614)
FNDA:0,(anonymous_1615)
FNDA:0,(anonymous_1616)
FNDA:0,w
FNDA:0,(anonymous_1618)
FNDA:0,(anonymous_1619)
FNDA:0,(anonymous_1620)
FNDA:0,(anonymous_1621)
FNDA:0,(anonymous_1622)
FNDA:0,(anonymous_1623)
FNDA:0,c
FNDA:0,(anonymous_1625)
FNDA:0,(anonymous_1626)
FNDA:0,f
FNDA:0,s
FNDA:0,(anonymous_1629)
FNDA:0,p
FNDA:0,d
FNDA:0,(anonymous_1632)
FNDA:0,(anonymous_1633)
FNDA:0,t
FNDA:0,(anonymous_1635)
FNDA:0,(anonymous_1636)
FNDA:0,(anonymous_1637)
FNDA:0,(anonymous_1638)
FNDA:0,(anonymous_1639)
FNDA:0,(anonymous_1640)
DA:1,0
DA:6,0
DA:14,0
DA:22,0
DA:31,0
LF:5
LH:0
BRDA:1,0,0,0
BRDA:1,0,1,0
BRDA:1,1,0,0
BRDA:1,1,1,0
BRDA:1,2,0,0
BRDA:1,2,1,0
BRDA:1,2,2,0
BRDA:1,3,0,0
BRDA:1,3,1,0
BRDA:1,4,0,0
BRDA:1,4,1,0
BRDA:1,5,0,0
BRDA:1,5,1,0
BRDA:1,6,0,0
BRDA:1,6,1,0
BRDA:1,6,2,0
BRDA:1,6,3,0
BRDA:1,7,0,0
BRDA:1,7,1,0
BRDA:1,8,0,0
BRDA:1,8,1,0
BRDA:1,9,0,0
BRDA:1,9,1,0
BRDA:1,10,0,0
BRDA:1,10,1,0
BRDA:1,11,0,0
BRDA:1,11,1,0
BRDA:1,12,0,0
BRDA:1,12,1,0
BRDA:1,13,0,0
BRDA:1,13,1,0
BRDA:1,14,0,0
BRDA:1,14,1,0
BRDA:1,15,0,0
BRDA:1,15,1,0
BRDA:1,16,0,0
BRDA:1,16,1,0
BRDA:1,17,0,0
BRDA:1,17,1,0
BRDA:1,18,0,0
BRDA:1,18,1,0
BRDA:1,19,0,0
BRDA:1,19,1,0
BRDA:1,20,0,0
BRDA:1,20,1,0
BRDA:1,20,2,0
BRDA:1,21,0,0
BRDA:1,21,1,0
BRDA:1,22,0,0
BRDA:1,22,1,0
BRDA:1,23,0,0
BRDA:1,23,1,0
BRDA:1,24,0,0
BRDA:1,24,1,0
BRDA:1,25,0,0
BRDA:1,25,1,0
BRDA:1,26,0,0
BRDA:1,26,1,0
BRDA:1,27,0,0
BRDA:1,27,1,0
BRDA:1,27,2,0
BRDA:1,28,0,0
BRDA:1,28,1,0
BRDA:1,29,0,0
BRDA:1,29,1,0
BRDA:1,30,0,0
BRDA:1,30,1,0
BRDA:1,31,0,0
BRDA:1,31,1,0
BRDA:1,32,0,0
BRDA:1,32,1,0
BRDA:1,33,0,0
BRDA:1,33,1,0
BRDA:1,34,0,0
BRDA:1,34,1,0
BRDA:1,35,0,0
BRDA:1,35,1,0
BRDA:1,36,0,0
BRDA:1,36,1,0
BRDA:1,36,2,0
BRDA:1,37,0,0
BRDA:1,37,1,0
BRDA:1,38,0,0
BRDA:1,38,1,0
BRDA:1,39,0,0
BRDA:1,39,1,0
BRDA:1,40,0,0
BRDA:1,40,1,0
BRDA:1,41,0,0
BRDA:1,41,1,0
BRDA:1,42,0,0
BRDA:1,42,1,0
BRDA:1,43,0,0
BRDA:1,43,1,0
BRDA:1,44,0,0
BRDA:1,44,1,0
BRDA:1,45,0,0
BRDA:1,45,1,0
BRDA:1,46,0,0
BRDA:1,46,1,0
BRDA:1,46,2,0
BRDA:1,47,0,0
BRDA:1,47,1,0
BRDA:1,48,0,0
BRDA:1,48,1,0
BRDA:1,48,2,0
BRDA:1,49,0,0
BRDA:1,49,1,0
BRDA:1,50,0,0
BRDA:1,50,1,0
BRDA:1,51,0,0
BRDA:1,51,1,0
BRDA:1,52,0,0
BRDA:1,52,1,0
BRDA:1,53,0,0
BRDA:1,53,1,0
BRDA:1,53,2,0
BRDA:1,54,0,0
BRDA:1,54,1,0
BRDA:1,55,0,0
BRDA:1,55,1,0
BRDA:1,56,0,0
BRDA:1,56,1,0
BRDA:1,57,0,0
BRDA:1,57,1,0
BRDA:1,58,0,0
BRDA:1,58,1,0
BRDA:1,59,0,0
BRDA:1,59,1,0
BRDA:1,60,0,0
BRDA:1,60,1,0
BRDA:1,61,0,0
BRDA:1,61,1,0
BRDA:1,62,0,0
BRDA:1,62,1,0
BRDA:1,63,0,0
BRDA:1,63,1,0
BRDA:1,64,0,0
BRDA:1,64,1,0
BRDA:1,65,0,0
BRDA:1,65,1,0
BRDA:1,66,0,0
BRDA:1,66,1,0
BRDA:1,66,2,0
BRDA:1,67,0,0
BRDA:1,67,1,0
BRDA:1,68,0,0
BRDA:1,68,1,0
BRDA:1,69,0,0
BRDA:1,69,1,0
BRDA:1,70,0,0
BRDA:1,70,1,0
BRDA:1,71,0,0
BRDA:1,71,1,0
BRDA:1,72,0,0
BRDA:1,72,1,0
BRDA:1,73,0,0
BRDA:1,73,1,0
BRDA:1,73,2,0
BRDA:1,74,0,0
BRDA:1,74,1,0
BRDA:1,75,0,0
BRDA:1,75,1,0
BRDA:1,76,0,0
BRDA:1,76,1,0
BRDA:1,77,0,0
BRDA:1,77,1,0
BRDA:1,77,2,0
BRDA:1,78,0,0
BRDA:1,78,1,0
BRDA:1,79,0,0
BRDA:1,79,1,0
BRDA:1,80,0,0
BRDA:1,80,1,0
BRDA:1,81,0,0
BRDA:1,81,1,0
BRDA:1,82,0,0
BRDA:1,82,1,0
BRDA:1,83,0,0
BRDA:1,83,1,0
BRDA:1,84,0,0
BRDA:1,84,1,0
BRDA:1,84,2,0
BRDA:1,85,0,0
BRDA:1,85,1,0
BRDA:1,86,0,0
BRDA:1,86,1,0
BRDA:1,87,0,0
BRDA:1,87,1,0
BRDA:1,87,2,0
BRDA:1,87,3,0
BRDA:1,88,0,0
BRDA:1,88,1,0
BRDA:1,89,0,0
BRDA:1,89,1,0
BRDA:1,90,0,0
BRDA:1,90,1,0
BRDA:1,91,0,0
BRDA:1,91,1,0
BRDA:1,92,0,0
BRDA:1,92,1,0
BRDA:1,93,0,0
BRDA:1,93,1,0
BRDA:1,93,2,0
BRDA:1,94,0,0
BRDA:1,94,1,0
BRDA:1,95,0,0
BRDA:1,95,1,0
BRDA:1,96,0,0
BRDA:1,96,1,0
BRDA:1,97,0,0
BRDA:1,97,1,0
BRDA:1,98,0,0
BRDA:1,98,1,0
BRDA:1,99,0,0
BRDA:1,99,1,0
BRDA:1,100,0,0
BRDA:1,100,1,0
BRDA:1,101,0,0
BRDA:1,101,1,0
BRDA:1,102,0,0
BRDA:1,102,1,0
BRDA:1,103,0,0
BRDA:1,103,1,0
BRDA:1,103,2,0
BRDA:1,104,0,0
BRDA:1,104,1,0
BRDA:1,105,0,0
BRDA:1,105,1,0
BRDA:1,106,0,0
BRDA:1,106,1,0
BRDA:1,107,0,0
BRDA:1,107,1,0
BRDA:1,108,0,0
BRDA:1,108,1,0
BRDA:1,109,0,0
BRDA:1,109,1,0
BRDA:1,110,0,0
BRDA:1,110,1,0
BRDA:1,111,0,0
BRDA:1,111,1,0
BRDA:1,112,0,0
BRDA:1,112,1,0
BRDA:1,113,0,0
BRDA:1,113,1,0
BRDA:1,114,0,0
BRDA:1,114,1,0
BRDA:1,115,0,0
BRDA:1,115,1,0
BRDA:1,116,0,0
BRDA:1,116,1,0
BRDA:1,117,0,0
BRDA:1,117,1,0
BRDA:1,118,0,0
BRDA:1,118,1,0
BRDA:1,119,0,0
BRDA:1,119,1,0
BRDA:1,119,2,0
BRDA:1,119,3,0
BRDA:1,119,4,0
BRDA:1,120,0,0
BRDA:1,120,1,0
BRDA:1,121,0,0
BRDA:1,121,1,0
BRDA:1,122,0,0
BRDA:1,122,1,0
BRDA:1,122,2,0
BRDA:1,122,3,0
BRDA:1,122,4,0
BRDA:1,122,5,0
BRDA:1,122,6,0
BRDA:1,122,7,0
BRDA:1,123,0,0
BRDA:1,123,1,0
BRDA:1,123,2,0
BRDA:1,124,0,0
BRDA:1,124,1,0
BRDA:1,125,0,0
BRDA:1,125,1,0
BRDA:1,126,0,0
BRDA:1,126,1,0
BRDA:1,127,0,0
BRDA:1,127,1,0
BRDA:1,128,0,0
BRDA:1,128,1,0
BRDA:1,129,0,0
BRDA:1,129,1,0
BRDA:1,130,0,0
BRDA:1,130,1,0
BRDA:1,131,0,0
BRDA:1,131,1,0
BRDA:1,132,0,0
BRDA:1,132,1,0
BRDA:1,133,0,0
BRDA:1,133,1,0
BRDA:1,134,0,0
BRDA:1,134,1,0
BRDA:1,135,0,0
BRDA:1,135,1,0
BRDA:1,136,0,0
BRDA:1,136,1,0
BRDA:1,137,0,0
BRDA:1,137,1,0
BRDA:1,137,2,0
BRDA:1,138,0,0
BRDA:1,138,1,0
BRDA:1,139,0,0
BRDA:1,139,1,0
BRDA:1,140,0,0
BRDA:1,140,1,0
BRDA:1,141,0,0
BRDA:1,141,1,0
BRDA:1,142,0,0
BRDA:1,142,1,0
BRDA:1,143,0,0
BRDA:1,143,1,0
BRDA:1,143,2,0
BRDA:1,143,3,0
BRDA:1,144,0,0
BRDA:1,144,1,0
BRDA:1,145,0,0
BRDA:1,145,1,0
BRDA:1,146,0,0
BRDA:1,146,1,0
BRDA:1,146,2,0
BRDA:1,147,0,0
BRDA:1,147,1,0
BRDA:1,148,0,0
BRDA:1,148,1,0
BRDA:1,149,0,0
BRDA:1,149,1,0
BRDA:1,150,0,0
BRDA:1,150,1,0
BRDA:1,151,0,0
BRDA:1,151,1,0
BRDA:1,152,0,0
BRDA:1,152,1,0
BRDA:1,153,0,0
BRDA:1,153,1,0
BRDA:1,153,2,0
BRDA:1,154,0,0
BRDA:1,154,1,0
BRDA:1,155,0,0
BRDA:1,155,1,0
BRDA:1,156,0,0
BRDA:1,156,1,0
BRDA:1,157,0,0
BRDA:1,157,1,0
BRDA:1,157,2,0
BRDA:1,158,0,0
BRDA:1,158,1,0
BRDA:1,159,0,0
BRDA:1,159,1,0
BRDA:1,160,0,0
BRDA:1,160,1,0
BRDA:1,160,2,0
BRDA:1,161,0,0
BRDA:1,161,1,0
BRDA:1,162,0,0
BRDA:1,162,1,0
BRDA:1,163,0,0
BRDA:1,163,1,0
BRDA:1,164,0,0
BRDA:1,164,1,0
BRDA:1,165,0,0
BRDA:1,165,1,0
BRDA:1,166,0,0
BRDA:1,166,1,0
BRDA:1,167,0,0
BRDA:1,167,1,0
BRDA:1,168,0,0
BRDA:1,168,1,0
BRDA:1,169,0,0
BRDA:1,169,1,0
BRDA:1,170,0,0
BRDA:1,170,1,0
BRDA:1,171,0,0
BRDA:1,171,1,0
BRDA:1,172,0,0
BRDA:1,172,1,0
BRDA:1,173,0,0
BRDA:1,173,1,0
BRDA:1,174,0,0
BRDA:1,174,1,0
BRDA:1,175,0,0
BRDA:1,175,1,0
BRDA:1,176,0,0
BRDA:1,176,1,0
BRDA:1,177,0,0
BRDA:1,177,1,0
BRDA:1,178,0,0
BRDA:1,178,1,0
BRDA:1,179,0,0
BRDA:1,179,1,0
BRDA:1,180,0,0
BRDA:1,180,1,0
BRDA:1,181,0,0
BRDA:1,181,1,0
BRDA:1,181,2,0
BRDA:1,181,3,0
BRDA:1,181,4,0
BRDA:1,182,0,0
BRDA:1,182,1,0
BRDA:1,183,0,0
BRDA:1,183,1,0
BRDA:1,184,0,0
BRDA:1,184,1,0
BRDA:1,185,0,0
BRDA:1,185,1,0
BRDA:1,186,0,0
BRDA:1,186,1,0
BRDA:1,187,0,0
BRDA:1,187,1,0
BRDA:1,188,0,0
BRDA:1,188,1,0
BRDA:1,189,0,0
BRDA:1,189,1,0
BRDA:1,190,0,0
BRDA:1,190,1,0
BRDA:1,190,2,0
BRDA:1,190,3,0
BRDA:1,191,0,0
BRDA:1,191,1,0
BRDA:1,192,0,0
BRDA:1,192,1,0
BRDA:1,192,2,0
BRDA:1,193,0,0
BRDA:1,193,1,0
BRDA:1,194,0,0
BRDA:1,194,1,0
BRDA:1,195,0,0
BRDA:1,195,1,0
BRDA:1,196,0,0
BRDA:1,196,1,0
BRDA:1,197,0,0
BRDA:1,197,1,0
BRDA:1,198,0,0
BRDA:1,198,1,0
BRDA:1,199,0,0
BRDA:1,199,1,0
BRDA:1,200,0,0
BRDA:1,200,1,0
BRDA:1,201,0,0
BRDA:1,201,1,0
BRDA:1,202,0,0
BRDA:1,202,1,0
BRDA:1,203,0,0
BRDA:1,203,1,0
BRDA:1,204,0,0
BRDA:1,204,1,0
BRDA:1,204,2,0
BRDA:1,205,0,0
BRDA:1,205,1,0
BRDA:1,206,0,0
BRDA:1,206,1,0
BRDA:1,207,0,0
BRDA:1,207,1,0
BRDA:1,208,0,0
BRDA:1,208,1,0
BRDA:1,209,0,0
BRDA:1,209,1,0
BRDA:1,210,0,0
BRDA:1,210,1,0
BRDA:1,211,0,0
BRDA:1,211,1,0
BRDA:1,212,0,0
BRDA:1,212,1,0
BRDA:1,213,0,0
BRDA:1,213,1,0
BRDA:1,214,0,0
BRDA:1,214,1,0
BRDA:1,215,0,0
BRDA:1,215,1,0
BRDA:1,216,0,0
BRDA:1,216,1,0
BRDA:1,217,0,0
BRDA:1,217,1,0
BRDA:1,218,0,0
BRDA:1,218,1,0
BRDA:1,219,0,0
BRDA:1,219,1,0
BRDA:1,220,0,0
BRDA:1,220,1,0
BRDA:1,221,0,0
BRDA:1,221,1,0
BRDA:1,222,0,0
BRDA:1,222,1,0
BRDA:1,223,0,0
BRDA:1,223,1,0
BRDA:1,224,0,0
BRDA:1,224,1,0
BRDA:1,225,0,0
BRDA:1,225,1,0
BRDA:1,226,0,0
BRDA:1,226,1,0
BRDA:1,227,0,0
BRDA:1,227,1,0
BRDA:1,228,0,0
BRDA:1,228,1,0
BRDA:1,229,0,0
BRDA:1,229,1,0
BRDA:1,230,0,0
BRDA:1,230,1,0
BRDA:1,231,0,0
BRDA:1,231,1,0
BRDA:1,232,0,0
BRDA:1,232,1,0
BRDA:1,233,0,0
BRDA:1,233,1,0
BRDA:1,234,0,0
BRDA:1,234,1,0
BRDA:1,234,2,0
BRDA:1,235,0,0
BRDA:1,235,1,0
BRDA:1,235,2,0
BRDA:1,236,0,0
BRDA:1,236,1,0
BRDA:1,237,0,0
BRDA:1,237,1,0
BRDA:1,238,0,0
BRDA:1,238,1,0
BRDA:1,239,0,0
BRDA:1,239,1,0
BRDA:1,240,0,0
BRDA:1,240,1,0
BRDA:1,241,0,0
BRDA:1,241,1,0
BRDA:1,242,0,0
BRDA:1,242,1,0
BRDA:1,242,2,0
BRDA:1,242,3,0
BRDA:1,242,4,0
BRDA:1,243,0,0
BRDA:1,243,1,0
BRDA:1,244,0,0
BRDA:1,244,1,0
BRDA:1,245,0,0
BRDA:1,245,1,0
BRDA:1,246,0,0
BRDA:1,246,1,0
BRDA:1,247,0,0
BRDA:1,247,1,0
BRDA:1,248,0,0
BRDA:1,248,1,0
BRDA:1,249,0,0
BRDA:1,249,1,0
BRDA:1,250,0,0
BRDA:1,250,1,0
BRDA:1,251,0,0
BRDA:1,251,1,0
BRDA:1,252,0,0
BRDA:1,252,1,0
BRDA:1,252,2,0
BRDA:1,253,0,0
BRDA:1,253,1,0
BRDA:1,254,0,0
BRDA:1,254,1,0
BRDA:1,255,0,0
BRDA:1,255,1,0
BRDA:1,256,0,0
BRDA:1,256,1,0
BRDA:1,256,2,0
BRDA:1,256,3,0
BRDA:1,256,4,0
BRDA:1,256,5,0
BRDA:1,257,0,0
BRDA:1,257,1,0
BRDA:1,258,0,0
BRDA:1,258,1,0
BRDA:1,259,0,0
BRDA:1,259,1,0
BRDA:1,260,0,0
BRDA:1,260,1,0
BRDA:1,261,0,0
BRDA:1,261,1,0
BRDA:1,261,2,0
BRDA:1,262,0,0
BRDA:1,262,1,0
BRDA:1,263,0,0
BRDA:1,263,1,0
BRDA:1,264,0,0
BRDA:1,264,1,0
BRDA:1,265,0,0
BRDA:1,265,1,0
BRDA:1,266,0,0
BRDA:1,266,1,0
BRDA:1,267,0,0
BRDA:1,267,1,0
BRDA:1,268,0,0
BRDA:1,268,1,0
BRDA:1,269,0,0
BRDA:1,269,1,0
BRDA:1,270,0,0
BRDA:1,270,1,0
BRDA:1,271,0,0
BRDA:1,271,1,0
BRDA:1,272,0,0
BRDA:1,272,1,0
BRDA:1,273,0,0
BRDA:1,273,1,0
BRDA:1,274,0,0
BRDA:1,274,1,0
BRDA:1,275,0,0
BRDA:1,275,1,0
BRDA:1,276,0,0
BRDA:1,276,1,0
BRDA:1,277,0,0
BRDA:1,277,1,0
BRDA:1,278,0,0
BRDA:1,278,1,0
BRDA:1,279,0,0
BRDA:1,279,1,0
BRDA:1,280,0,0
BRDA:1,280,1,0
BRDA:1,280,2,0
BRDA:1,280,3,0
BRDA:1,281,0,0
BRDA:1,281,1,0
BRDA:1,282,0,0
BRDA:1,282,1,0
BRDA:1,283,0,0
BRDA:1,283,1,0
BRDA:1,284,0,0
BRDA:1,284,1,0
BRDA:1,285,0,0
BRDA:1,285,1,0
BRDA:1,285,2,0
BRDA:1,286,0,0
BRDA:1,286,1,0
BRDA:1,287,0,0
BRDA:1,287,1,0
BRDA:1,287,2,0
BRDA:1,288,0,0
BRDA:1,288,1,0
BRDA:1,288,2,0
BRDA:1,289,0,0
BRDA:1,289,1,0
BRDA:1,290,0,0
BRDA:1,290,1,0
BRDA:1,291,0,0
BRDA:1,291,1,0
BRDA:1,292,0,0
BRDA:1,292,1,0
BRDA:1,293,0,0
BRDA:1,293,1,0
BRDA:1,294,0,0
BRDA:1,294,1,0
BRDA:1,295,0,0
BRDA:1,295,1,0
BRDA:1,296,0,0
BRDA:1,296,1,0
BRDA:1,297,0,0
BRDA:1,297,1,0
BRDA:1,298,0,0
BRDA:1,298,1,0
BRDA:1,299,0,0
BRDA:1,299,1,0
BRDA:1,300,0,0
BRDA:1,300,1,0
BRDA:1,301,0,0
BRDA:1,301,1,0
BRDA:1,302,0,0
BRDA:1,302,1,0
BRDA:1,302,2,0
BRDA:1,303,0,0
BRDA:1,303,1,0
BRDA:1,304,0,0
BRDA:1,304,1,0
BRDA:1,305,0,0
BRDA:1,305,1,0
BRDA:1,306,0,0
BRDA:1,306,1,0
BRDA:1,307,0,0
BRDA:1,307,1,0
BRDA:1,308,0,0
BRDA:1,308,1,0
BRDA:1,309,0,0
BRDA:1,309,1,0
BRDA:1,310,0,0
BRDA:1,310,1,0
BRDA:1,310,2,0
BRDA:1,310,3,0
BRDA:1,310,4,0
BRDA:1,310,5,0
BRDA:1,311,0,0
BRDA:1,311,1,0
BRDA:1,312,0,0
BRDA:1,312,1,0
BRDA:1,313,0,0
BRDA:1,313,1,0
BRDA:1,314,0,0
BRDA:1,314,1,0
BRDA:1,315,0,0
BRDA:1,315,1,0
BRDA:1,316,0,0
BRDA:1,316,1,0
BRDA:1,317,0,0
BRDA:1,317,1,0
BRDA:1,318,0,0
BRDA:1,318,1,0
BRDA:1,319,0,0
BRDA:1,319,1,0
BRDA:1,320,0,0
BRDA:1,320,1,0
BRDA:1,320,2,0
BRDA:1,320,3,0
BRDA:1,321,0,0
BRDA:1,321,1,0
BRDA:1,322,0,0
BRDA:1,322,1,0
BRDA:1,323,0,0
BRDA:1,323,1,0
BRDA:1,324,0,0
BRDA:1,324,1,0
BRDA:1,325,0,0
BRDA:1,325,1,0
BRDA:1,326,0,0
BRDA:1,326,1,0
BRDA:1,327,0,0
BRDA:1,327,1,0
BRDA:1,328,0,0
BRDA:1,328,1,0
BRDA:1,328,2,0
BRDA:1,328,3,0
BRDA:1,329,0,0
BRDA:1,329,1,0
BRDA:1,330,0,0
BRDA:1,330,1,0
BRDA:1,331,0,0
BRDA:1,331,1,0
BRDA:1,332,0,0
BRDA:1,332,1,0
BRDA:1,332,2,0
BRDA:1,333,0,0
BRDA:1,333,1,0
BRDA:1,334,0,0
BRDA:1,334,1,0
BRDA:1,334,2,0
BRDA:1,334,3,0
BRDA:1,335,0,0
BRDA:1,335,1,0
BRDA:1,335,2,0
BRDA:1,336,0,0
BRDA:1,336,1,0
BRDA:1,336,2,0
BRDA:1,336,3,0
BRDA:1,337,0,0
BRDA:1,337,1,0
BRDA:1,337,2,0
BRDA:1,337,3,0
BRDA:1,337,4,0
BRDA:1,337,5,0
BRDA:1,338,0,0
BRDA:1,338,1,0
BRDA:1,339,0,0
BRDA:1,339,1,0
BRDA:1,340,0,0
BRDA:1,340,1,0
BRDA:1,341,0,0
BRDA:1,341,1,0
BRDA:1,342,0,0
BRDA:1,342,1,0
BRDA:1,343,0,0
BRDA:1,343,1,0
BRDA:1,344,0,0
BRDA:1,344,1,0
BRDA:1,344,2,0
BRDA:1,345,0,0
BRDA:1,345,1,0
BRDA:1,346,0,0
BRDA:1,346,1,0
BRDA:1,347,0,0
BRDA:1,347,1,0
BRDA:1,347,2,0
BRDA:1,348,0,0
BRDA:1,348,1,0
BRDA:1,349,0,0
BRDA:1,349,1,0
BRDA:1,350,0,0
BRDA:1,350,1,0
BRDA:1,351,0,0
BRDA:1,351,1,0
BRDA:1,352,0,0
BRDA:1,352,1,0
BRDA:1,353,0,0
BRDA:1,353,1,0
BRDA:1,353,2,0
BRDA:1,354,0,0
BRDA:1,354,1,0
BRDA:1,355,0,0
BRDA:1,355,1,0
BRDA:1,356,0,0
BRDA:1,356,1,0
BRDA:1,356,2,0
BRDA:1,357,0,0
BRDA:1,357,1,0
BRDA:1,358,0,0
BRDA:1,358,1,0
BRDA:1,358,2,0
BRDA:1,358,3,0
BRDA:1,359,0,0
BRDA:1,359,1,0
BRDA:1,360,0,0
BRDA:1,360,1,0
BRDA:1,361,0,0
BRDA:1,361,1,0
BRDA:1,362,0,0
BRDA:1,362,1,0
BRDA:1,362,2,0
BRDA:1,363,0,0
BRDA:1,363,1,0
BRDA:1,364,0,0
BRDA:1,364,1,0
BRDA:1,365,0,0
BRDA:1,365,1,0
BRDA:1,366,0,0
BRDA:1,366,1,0
BRDA:1,367,0,0
BRDA:1,367,1,0
BRDA:1,368,0,0
BRDA:1,368,1,0
BRDA:1,369,0,0
BRDA:1,369,1,0
BRDA:1,369,2,0
BRDA:1,370,0,0
BRDA:1,370,1,0
BRDA:1,371,0,0
BRDA:1,371,1,0
BRDA:1,372,0,0
BRDA:1,372,1,0
BRDA:1,373,0,0
BRDA:1,373,1,0
BRDA:1,374,0,0
BRDA:1,374,1,0
BRDA:1,375,0,0
BRDA:1,375,1,0
BRDA:1,376,0,0
BRDA:1,376,1,0
BRDA:1,376,2,0
BRDA:1,377,0,0
BRDA:1,377,1,0
BRDA:1,378,0,0
BRDA:1,378,1,0
BRDA:1,379,0,0
BRDA:1,379,1,0
BRDA:1,380,0,0
BRDA:1,380,1,0
BRDA:1,381,0,0
BRDA:1,381,1,0
BRDA:1,382,0,0
BRDA:1,382,1,0
BRDA:1,383,0,0
BRDA:1,383,1,0
BRDA:1,384,0,0
BRDA:1,384,1,0
BRDA:1,385,0,0
BRDA:1,385,1,0
BRDA:1,386,0,0
BRDA:1,386,1,0
BRDA:1,387,0,0
BRDA:1,387,1,0
BRDA:1,388,0,0
BRDA:1,388,1,0
BRDA:1,388,2,0
BRDA:1,389,0,0
BRDA:1,389,1,0
BRDA:1,390,0,0
BRDA:1,390,1,0
BRDA:1,391,0,0
BRDA:1,391,1,0
BRDA:1,392,0,0
BRDA:1,392,1,0
BRDA:1,393,0,0
BRDA:1,393,1,0
BRDA:1,394,0,0
BRDA:1,394,1,0
BRDA:1,395,0,0
BRDA:1,395,1,0
BRDA:1,396,0,0
BRDA:1,396,1,0
BRDA:1,397,0,0
BRDA:1,397,1,0
BRDA:1,398,0,0
BRDA:1,398,1,0
BRDA:1,399,0,0
BRDA:1,399,1,0
BRDA:1,400,0,0
BRDA:1,400,1,0
BRDA:1,400,2,0
BRDA:1,401,0,0
BRDA:1,401,1,0
BRDA:1,402,0,0
BRDA:1,402,1,0
BRDA:1,403,0,0
BRDA:1,403,1,0
BRDA:1,403,2,0
BRDA:1,404,0,0
BRDA:1,404,1,0
BRDA:1,405,0,0
BRDA:1,405,1,0
BRDA:1,406,0,0
BRDA:1,406,1,0
BRDA:1,407,0,0
BRDA:1,407,1,0
BRDA:1,408,0,0
BRDA:1,408,1,0
BRDA:1,409,0,0
BRDA:1,409,1,0
BRDA:1,410,0,0
BRDA:1,410,1,0
BRDA:1,410,2,0
BRDA:1,411,0,0
BRDA:1,411,1,0
BRDA:1,411,2,0
BRDA:1,412,0,0
BRDA:1,412,1,0
BRDA:1,413,0,0
BRDA:1,413,1,0
BRDA:1,414,0,0
BRDA:1,414,1,0
BRDA:1,414,2,0
BRDA:1,415,0,0
BRDA:1,415,1,0
BRDA:1,416,0,0
BRDA:1,416,1,0
BRDA:1,417,0,0
BRDA:1,417,1,0
BRDA:1,418,0,0
BRDA:1,418,1,0
BRDA:1,419,0,0
BRDA:1,419,1,0
BRDA:1,420,0,0
BRDA:1,420,1,0
BRDA:1,421,0,0
BRDA:1,421,1,0
BRDA:1,422,0,0
BRDA:1,422,1,0
BRDA:1,423,0,0
BRDA:1,423,1,0
BRDA:1,424,0,0
BRDA:1,424,1,0
BRDA:1,425,0,0
BRDA:1,425,1,0
BRDA:1,426,0,0
BRDA:1,426,1,0
BRDA:1,427,0,0
BRDA:1,427,1,0
BRDA:1,428,0,0
BRDA:1,428,1,0
BRDA:1,429,0,0
BRDA:1,429,1,0
BRDA:1,429,2,0
BRDA:1,429,3,0
BRDA:1,429,4,0
BRDA:1,430,0,0
BRDA:1,430,1,0
BRDA:1,431,0,0
BRDA:1,431,1,0
BRDA:1,432,0,0
BRDA:1,432,1,0
BRDA:1,433,0,0
BRDA:1,433,1,0
BRDA:1,434,0,0
BRDA:1,434,1,0
BRDA:1,435,0,0
BRDA:1,435,1,0
BRDA:1,436,0,0
BRDA:1,436,1,0
BRDA:1,437,0,0
BRDA:1,437,1,0
BRDA:1,438,0,0
BRDA:1,438,1,0
BRDA:1,439,0,0
BRDA:1,439,1,0
BRDA:1,440,0,0
BRDA:1,440,1,0
BRDA:1,441,0,0
BRDA:1,441,1,0
BRDA:1,442,0,0
BRDA:1,442,1,0
BRDA:1,443,0,0
BRDA:1,443,1,0
BRDA:1,444,0,0
BRDA:1,444,1,0
BRDA:1,444,2,0
BRDA:1,445,0,0
BRDA:1,445,1,0
BRDA:1,446,0,0
BRDA:1,446,1,0
BRDA:1,447,0,0
BRDA:1,447,1,0
BRDA:1,448,0,0
BRDA:1,448,1,0
BRDA:1,449,0,0
BRDA:1,449,1,0
[...]
BRDA:22,2357,0,0
BRDA:22,2357,1,0
BRDA:22,2358,0,0
BRDA:22,2358,1,0
BRDA:22,2359,0,0
BRDA:22,2359,1,0
BRDA:22,2359,2,0
BRDA:22,2360,0,0
BRDA:22,2360,1,0
BRDA:22,2360,2,0
BRDA:22,2361,0,0
BRDA:22,2361,1,0
BRDA:22,2361,2,0
BRDA:22,2361,3,0
BRDA:22,2361,4,0
BRDA:22,2362,0,0
BRDA:22,2362,1,0
BRDA:22,2363,0,0
BRDA:22,2363,1,0
BRDA:22,2364,0,0
BRDA:22,2364,1,0
BRDA:22,2365,0,0
BRDA:22,2365,1,0
BRDA:22,2366,0,0
BRDA:22,2366,1,0
BRDA:22,2367,0,0
BRDA:22,2367,1,0
BRDA:22,2368,0,0
BRDA:22,2368,1,0
BRDA:22,2369,0,0
BRDA:22,2369,1,0
BRDA:22,2370,0,0
BRDA:22,2370,1,0
BRDA:22,2371,0,0
BRDA:22,2371,1,0
BRDA:22,2372,0,0
BRDA:22,2372,1,0
BRDA:22,2372,2,0
BRDA:22,2372,3,0
BRDA:22,2372,4,0
BRDA:22,2372,5,0
BRDA:22,2372,6,0
BRDA:22,2372,7,0
BRDA:22,2372,8,0
BRDA:22,2372,9,0
BRDA:22,2372,10,0
BRDA:22,2372,11,0
BRDA:22,2372,12,0
BRDA:22,2372,13,0
BRDA:22,2372,14,0
BRDA:22,2373,0,0
BRDA:22,2373,1,0
BRDA:22,2374,0,0
BRDA:22,2374,1,0
BRDA:22,2375,0,0
BRDA:22,2375,1,0
BRDA:22,2376,0,0
BRDA:22,2376,1,0
BRDA:22,2377,0,0
BRDA:22,2377,1,0
BRDA:22,2378,0,0
BRDA:22,2378,1,0
BRDA:22,2379,0,0
BRDA:22,2379,1,0
BRDA:22,2380,0,0
BRDA:22,2380,1,0
BRDA:22,2380,2,0
BRDA:22,2381,0,0
BRDA:22,2381,1,0
BRDA:22,2382,0,0
BRDA:22,2382,1,0
BRDA:22,2382,2,0
BRDA:22,2382,3,0
BRDA:22,2383,0,0
BRDA:22,2383,1,0
BRDA:22,2384,0,0
BRDA:22,2384,1,0
BRDA:22,2385,0,0
BRDA:22,2385,1,0
BRDA:22,2386,0,0
BRDA:22,2386,1,0
BRDA:22,2386,2,0
BRDA:22,2386,3,0
BRDA:22,2386,4,0
BRDA:22,2387,0,0
BRDA:22,2387,1,0
BRDA:22,2388,0,0
BRDA:22,2388,1,0
BRDA:22,2389,0,0
BRDA:22,2389,1,0
BRDA:22,2390,0,0
BRDA:22,2390,1,0
BRDA:22,2391,0,0
BRDA:22,2391,1,0
BRDA:22,2392,0,0
BRDA:22,2392,1,0
BRDA:22,2393,0,0
BRDA:22,2393,1,0
BRDA:22,2394,0,0
BRDA:22,2394,1,0
BRDA:22,2395,0,0
BRDA:22,2395,1,0
BRDA:22,2396,0,0
BRDA:22,2396,1,0
BRDA:22,2396,2,0
BRDA:22,2397,0,0
BRDA:22,2397,1,0
BRDA:22,2398,0,0
BRDA:22,2398,1,0
BRDA:22,2399,0,0
BRDA:22,2399,1,0
BRDA:22,2400,0,0
BRDA:22,2400,1,0
BRDA:22,2401,0,0
BRDA:22,2401,1,0
BRDA:22,2402,0,0
BRDA:22,2402,1,0
BRDA:22,2402,2,0
BRDA:22,2402,3,0
BRDA:22,2402,4,0
BRDA:22,2403,0,0
BRDA:22,2403,1,0
BRDA:22,2404,0,0
BRDA:22,2404,1,0
BRDA:22,2404,2,0
BRDA:22,2405,0,0
BRDA:22,2405,1,0
BRDA:22,2406,0,0
BRDA:22,2406,1,0
BRDA:22,2407,0,0
BRDA:22,2407,1,0
BRDA:22,2408,0,0
BRDA:22,2408,1,0
BRDA:22,2409,0,0
BRDA:22,2409,1,0
BRDA:22,2410,0,0
BRDA:22,2410,1,0
BRDA:22,2411,0,0
BRDA:22,2411,1,0
BRDA:22,2411,2,0
BRDA:22,2412,0,0
BRDA:22,2412,1,0
BRDA:22,2413,0,0
BRDA:22,2413,1,0
BRDA:22,2414,0,0
BRDA:22,2414,1,0
BRDA:22,2415,0,0
BRDA:22,2415,1,0
BRDA:22,2416,0,0
BRDA:22,2416,1,0
BRDA:22,2417,0,0
BRDA:22,2417,1,0
BRDA:22,2418,0,0
BRDA:22,2418,1,0
BRDA:22,2419,0,0
BRDA:22,2419,1,0
BRDA:22,2420,0,0
BRDA:22,2420,1,0
BRDA:22,2421,0,0
BRDA:22,2421,1,0
BRDA:22,2422,0,0
BRDA:22,2422,1,0
BRDA:22,2423,0,0
BRDA:22,2423,1,0
BRDA:22,2423,2,0
BRDA:22,2423,3,0
BRDA:22,2424,0,0
BRDA:22,2424,1,0
BRDA:22,2425,0,0
BRDA:22,2425,1,0
BRDA:22,2426,0,0
BRDA:22,2426,1,0
BRDA:22,2427,0,0
BRDA:22,2427,1,0
BRDA:22,2428,0,0
BRDA:22,2428,1,0
BRDA:22,2429,0,0
BRDA:22,2429,1,0
BRDA:22,2430,0,0
BRDA:22,2430,1,0
BRDA:22,2430,2,0
BRDA:22,2431,0,0
BRDA:22,2431,1,0
BRDA:22,2432,0,0
BRDA:22,2432,1,0
BRDA:22,2433,0,0
BRDA:22,2433,1,0
BRDA:22,2434,0,0
BRDA:22,2434,1,0
BRDA:22,2435,0,0
BRDA:22,2435,1,0
BRDA:22,2436,0,0
BRDA:22,2436,1,0
BRDA:22,2436,2,0
BRDA:22,2437,0,0
BRDA:22,2437,1,0
BRDA:22,2438,0,0
BRDA:22,2438,1,0
BRDA:22,2439,0,0
BRDA:22,2439,1,0
BRDA:22,2440,0,0
BRDA:22,2440,1,0
BRDA:22,2441,0,0
BRDA:22,2441,1,0
BRDA:22,2442,0,0
BRDA:22,2442,1,0
BRDA:22,2443,0,0
BRDA:22,2443,1,0
BRDA:22,2444,0,0
BRDA:22,2444,1,0
BRDA:22,2445,0,0
BRDA:22,2445,1,0
BRDA:22,2446,0,0
BRDA:22,2446,1,0
BRDA:22,2447,0,0
BRDA:22,2447,1,0
BRDA:22,2448,0,0
BRDA:22,2448,1,0
BRDA:22,2449,0,0
BRDA:22,2449,1,0
BRDA:22,2449,2,0
BRDA:22,2450,0,0
BRDA:22,2450,1,0
BRDA:22,2451,0,0
BRDA:22,2451,1,0
BRDA:22,2452,0,0
BRDA:22,2452,1,0
BRDA:22,2453,0,0
BRDA:22,2453,1,0
BRDA:22,2453,2,0
BRDA:22,2453,3,0
BRDA:22,2453,4,0
BRDA:22,2453,5,0
BRDA:22,2454,0,0
BRDA:22,2454,1,0
BRDA:22,2455,0,0
BRDA:22,2455,1,0
BRDA:22,2456,0,0
BRDA:22,2456,1,0
BRDA:22,2457,0,0
BRDA:22,2457,1,0
BRDA:22,2458,0,0
BRDA:22,2458,1,0
BRDA:22,2459,0,0
BRDA:22,2459,1,0
BRDA:22,2459,2,0
BRDA:22,2459,3,0
BRDA:22,2459,4,0
BRDA:22,2459,5,0
BRDA:22,2460,0,0
BRDA:22,2460,1,0
BRDA:22,2461,0,0
BRDA:22,2461,1,0
BRDA:22,2462,0,0
BRDA:22,2462,1,0
BRDA:22,2463,0,0
BRDA:22,2463,1,0
BRDA:22,2464,0,0
BRDA:22,2464,1,0
BRDA:22,2465,0,0
BRDA:22,2465,1,0
BRDA:22,2466,0,0
BRDA:22,2466,1,0
BRDA:22,2467,0,0
BRDA:22,2467,1,0
BRDA:22,2468,0,0
BRDA:22,2468,1,0
BRDA:22,2468,2,0
BRDA:22,2468,3,0
BRDA:22,2469,0,0
BRDA:22,2469,1,0
BRDA:22,2470,0,0
BRDA:22,2470,1,0
BRDA:22,2471,0,0
BRDA:22,2471,1,0
BRDA:22,2472,0,0
BRDA:22,2472,1,0
BRDA:22,2473,0,0
BRDA:22,2473,1,0
BRDA:22,2473,2,0
BRDA:22,2473,3,0
BRDA:22,2473,4,0
BRDA:22,2473,5,0
BRDA:22,2474,0,0
BRDA:22,2474,1,0
BRDA:22,2474,2,0
BRDA:22,2475,0,0
BRDA:22,2475,1,0
BRDA:22,2475,2,0
BRDA:22,2475,3,0
BRDA:22,2476,0,0
BRDA:22,2476,1,0
BRDA:22,2477,0,0
BRDA:22,2477,1,0
BRDA:22,2478,0,0
BRDA:22,2478,1,0
BRDA:22,2479,0,0
BRDA:22,2479,1,0
BRDA:22,2479,2,0
BRDA:22,2479,3,0
BRDA:22,2480,0,0
BRDA:22,2480,1,0
BRDA:22,2480,2,0
BRDA:22,2481,0,0
BRDA:22,2481,1,0
BRDA:22,2482,0,0
BRDA:22,2482,1,0
BRDA:22,2483,0,0
BRDA:22,2483,1,0
BRDA:22,2483,2,0
BRDA:22,2484,0,0
BRDA:22,2484,1,0
BRDA:22,2485,0,0
BRDA:22,2485,1,0
BRDA:22,2486,0,0
BRDA:22,2486,1,0
BRDA:22,2487,0,0
BRDA:22,2487,1,0
BRDA:22,2488,0,0
BRDA:22,2488,1,0
BRDA:22,2488,2,0
BRDA:22,2489,0,0
BRDA:22,2489,1,0
BRDA:22,2490,0,0
BRDA:22,2490,1,0
BRDA:22,2491,0,0
BRDA:22,2491,1,0
BRDA:22,2491,2,0
BRDA:22,2491,3,0
BRDA:22,2492,0,0
BRDA:22,2492,1,0
BRDA:22,2492,2,0
BRDA:22,2492,3,0
BRDA:22,2493,0,0
BRDA:22,2493,1,0
BRDA:22,2494,0,0
BRDA:22,2494,1,0
BRDA:22,2495,0,0
BRDA:22,2495,1,0
BRDA:22,2496,0,0
BRDA:22,2496,1,0
BRDA:22,2497,0,0
BRDA:22,2497,1,0
BRDA:22,2498,0,0
BRDA:22,2498,1,0
BRDA:22,2499,0,0
BRDA:22,2499,1,0
BRDA:22,2500,0,0
BRDA:22,2500,1,0
BRDA:22,2501,0,0
BRDA:22,2501,1,0
BRDA:22,2501,2,0
BRDA:22,2502,0,0
BRDA:22,2502,1,0
BRDA:22,2503,0,0
BRDA:22,2503,1,0
BRDA:22,2504,0,0
BRDA:22,2504,1,0
BRDA:22,2505,0,0
BRDA:22,2505,1,0
BRDA:22,2506,0,0
BRDA:22,2506,1,0
BRDA:22,2507,0,0
BRDA:22,2507,1,0
BRDA:22,2508,0,0
BRDA:22,2508,1,0
BRDA:22,2509,0,0
BRDA:22,2509,1,0
BRDA:22,2510,0,0
BRDA:22,2510,1,0
BRDA:22,2511,0,0
BRDA:22,2511,1,0
BRDA:22,2512,0,0
BRDA:22,2512,1,0
BRDA:22,2512,2,0
BRDA:22,2513,0,0
BRDA:22,2513,1,0
BRDA:22,2514,0,0
BRDA:22,2514,1,0
BRDA:22,2515,0,0
BRDA:22,2515,1,0
BRDA:22,2516,0,0
BRDA:22,2516,1,0
BRDA:22,2517,0,0
BRDA:22,2517,1,0
BRDA:22,2518,0,0
BRDA:22,2518,1,0
BRDA:22,2518,2,0
BRDA:22,2519,0,0
BRDA:22,2519,1,0
BRDA:22,2520,0,0
BRDA:22,2520,1,0
BRDA:22,2521,0,0
BRDA:22,2521,1,0
BRDA:22,2521,2,0
BRDA:22,2522,0,0
BRDA:22,2522,1,0
BRDA:22,2523,0,0
BRDA:22,2523,1,0
BRDA:22,2523,2,0
BRDA:22,2523,3,0
BRDA:22,2524,0,0
BRDA:22,2524,1,0
BRDA:22,2525,0,0
BRDA:22,2525,1,0
BRDA:22,2525,2,0
BRDA:22,2526,0,0
BRDA:22,2526,1,0
BRDA:22,2527,0,0
BRDA:22,2527,1,0
BRDA:22,2528,0,0
BRDA:22,2528,1,0
BRDA:22,2529,0,0
BRDA:22,2529,1,0
BRDA:22,2530,0,0
BRDA:22,2530,1,0
BRDA:22,2531,0,0
BRDA:22,2531,1,0
BRDA:22,2532,0,0
BRDA:22,2532,1,0
BRDA:22,2533,0,0
BRDA:22,2533,1,0
BRDA:22,2534,0,0
BRDA:22,2534,1,0
BRDA:22,2535,0,0
BRDA:22,2535,1,0
BRDA:22,2536,0,0
BRDA:22,2536,1,0
BRDA:22,2537,0,0
BRDA:22,2537,1,0
BRDA:22,2538,0,0
BRDA:22,2538,1,0
BRDA:22,2539,0,0
BRDA:22,2539,1,0
BRDA:22,2540,0,0
BRDA:22,2540,1,0
BRDA:22,2541,0,0
BRDA:22,2541,1,0
BRDA:22,2542,0,0
BRDA:22,2542,1,0
BRDA:22,2542,2,0
BRDA:22,2543,0,0
BRDA:22,2543,1,0
BRDA:22,2544,0,0
BRDA:22,2544,1,0
BRDA:22,2545,0,0
BRDA:22,2545,1,0
BRDA:22,2546,0,0
BRDA:22,2546,1,0
BRDA:22,2547,0,0
BRDA:22,2547,1,0
BRDA:22,2547,2,0
BRDA:22,2548,0,0
BRDA:22,2548,1,0
BRDA:22,2549,0,0
BRDA:22,2549,1,0
BRDA:22,2550,0,0
BRDA:22,2550,1,0
BRDA:22,2550,2,0
BRDA:22,2550,3,0
BRDA:22,2551,0,0
BRDA:22,2551,1,0
BRDA:22,2551,2,0
BRDA:22,2552,0,0
BRDA:22,2552,1,0
BRDA:22,2553,0,0
BRDA:22,2553,1,0
BRDA:22,2553,2,0
BRDA:22,2554,0,0
BRDA:22,2554,1,0
BRDA:22,2555,0,0
BRDA:22,2555,1,0
BRDA:22,2556,0,0
BRDA:22,2556,1,0
BRDA:22,2557,0,0
BRDA:22,2557,1,0
BRDA:22,2558,0,0
BRDA:22,2558,1,0
BRDA:22,2559,0,0
BRDA:22,2559,1,0
BRDA:22,2560,0,0
BRDA:22,2560,1,0
BRDA:22,2561,0,0
BRDA:22,2561,1,0
BRDA:22,2562,0,0
BRDA:22,2562,1,0
BRDA:22,2563,0,0
BRDA:22,2563,1,0
BRDA:22,2564,0,0
BRDA:22,2564,1,0
BRDA:22,2565,0,0
BRDA:22,2565,1,0
BRDA:22,2565,2,0
BRDA:22,2565,3,0
BRDA:22,2565,4,0
BRDA:22,2565,5,0
BRDA:22,2566,0,0
BRDA:22,2566,1,0
BRDA:22,2567,0,0
BRDA:22,2567,1,0
BRDA:22,2568,0,0
BRDA:22,2568,1,0
BRDA:22,2569,0,0
BRDA:22,2569,1,0
BRDA:22,2570,0,0
BRDA:22,2570,1,0
BRDA:22,2571,0,0
BRDA:22,2571,1,0
BRDA:22,2572,0,0
BRDA:22,2572,1,0
BRDA:22,2572,2,0
BRDA:22,2573,0,0
BRDA:22,2573,1,0
BRDA:22,2574,0,0
BRDA:22,2574,1,0
BRDA:22,2575,0,0
BRDA:22,2575,1,0
BRDA:22,2576,0,0
BRDA:22,2576,1,0
BRDA:22,2577,0,0
BRDA:22,2577,1,0
BRDA:22,2578,0,0
BRDA:22,2578,1,0
BRDA:22,2579,0,0
BRDA:22,2579,1,0
BRDA:22,2580,0,0
BRDA:22,2580,1,0
BRDA:22,2581,0,0
BRDA:22,2581,1,0
BRDA:22,2582,0,0
BRDA:22,2582,1,0
BRDA:22,2582,2,0
BRDA:22,2583,0,0
BRDA:22,2583,1,0
BRDA:22,2584,0,0
BRDA:22,2584,1,0
BRDA:22,2585,0,0
BRDA:22,2585,1,0
BRDA:22,2586,0,0
BRDA:22,2586,1,0
BRDA:22,2587,0,0
BRDA:22,2587,1,0
BRDA:22,2588,0,0
BRDA:22,2588,1,0
BRDA:22,2589,0,0
BRDA:22,2589,1,0
BRDA:22,2590,0,0
BRDA:22,2590,1,0
BRDA:22,2591,0,0
BRDA:22,2591,1,0
BRDA:22,2592,0,0
BRDA:22,2592,1,0
BRDA:22,2593,0,0
BRDA:22,2593,1,0
BRDA:22,2593,2,0
BRDA:22,2594,0,0
BRDA:22,2594,1,0
BRDA:22,2595,0,0
BRDA:22,2595,1,0
BRDA:22,2596,0,0
BRDA:22,2596,1,0
BRDA:22,2597,0,0
BRDA:22,2597,1,0
BRDA:22,2597,2,0
BRDA:22,2598,0,0
BRDA:22,2598,1,0
BRDA:22,2599,0,0
BRDA:22,2599,1,0
BRDA:22,2600,0,0
BRDA:22,2600,1,0
BRDA:22,2601,0,0
BRDA:22,2601,1,0
BRDA:22,2602,0,0
BRDA:22,2602,1,0
BRDA:22,2603,0,0
BRDA:22,2603,1,0
BRDA:22,2604,0,0
BRDA:22,2604,1,0
BRDA:22,2605,0,0
BRDA:22,2605,1,0
BRDA:22,2606,0,0
BRDA:22,2606,1,0
BRDA:22,2607,0,0
BRDA:22,2607,1,0
BRDA:22,2608,0,0
BRDA:22,2608,1,0
BRDA:22,2609,0,0
BRDA:22,2609,1,0
BRDA:22,2610,0,0
BRDA:22,2610,1,0
BRDA:22,2611,0,0
BRDA:22,2611,1,0
BRDA:22,2612,0,0
BRDA:22,2612,1,0
BRDA:22,2613,0,0
BRDA:22,2613,1,0
BRDA:22,2614,0,0
BRDA:22,2614,1,0
BRDA:22,2614,2,0
BRDA:22,2615,0,0
BRDA:22,2615,1,0
BRDA:22,2616,0,0
BRDA:22,2616,1,0
BRDA:22,2617,0,0
BRDA:22,2617,1,0
BRDA:22,2618,0,0
BRDA:22,2618,1,0
BRDA:22,2619,0,0
BRDA:22,2619,1,0
BRDA:22,2620,0,0
BRDA:22,2620,1,0
BRDA:22,2621,0,0
BRDA:22,2621,1,0
BRDA:22,2622,0,0
BRDA:22,2622,1,0
BRDA:22,2623,0,0
BRDA:22,2623,1,0
BRDA:22,2623,2,0
BRDA:22,2624,0,0
BRDA:22,2624,1,0
BRDA:22,2625,0,0
BRDA:22,2625,1,0
BRDA:22,2626,0,0
BRDA:22,2626,1,0
BRDA:22,2627,0,0
BRDA:22,2627,1,0
BRDA:22,2628,0,0
BRDA:22,2628,1,0
BRDA:22,2629,0,0
BRDA:22,2629,1,0
BRDA:22,2629,2,0
BRDA:22,2630,0,0
BRDA:22,2630,1,0
BRDA:22,2631,0,0
BRDA:22,2631,1,0
BRDA:22,2632,0,0
BRDA:22,2632,1,0
BRDA:22,2633,0,0
BRDA:22,2633,1,0
BRDA:22,2634,0,0
BRDA:22,2634,1,0
BRDA:22,2635,0,0
BRDA:22,2635,1,0
BRDA:22,2635,2,0
BRDA:22,2636,0,0
BRDA:22,2636,1,0
BRDA:31,2637,0,0
BRDA:31,2637,1,0
BRDA:31,2638,0,0
BRDA:31,2638,1,0
BRDA:31,2639,0,0
BRDA:31,2639,1,0
BRDA:31,2640,0,0
BRDA:31,2640,1,0
BRDA:31,2641,0,0
BRDA:31,2641,1,0
BRDA:31,2642,0,0
BRDA:31,2642,1,0
BRDA:31,2643,0,0
BRDA:31,2643,1,0
BRDA:31,2644,0,0
BRDA:31,2644,1,0
BRDA:31,2645,0,0
BRDA:31,2645,1,0
BRDA:31,2646,0,0
BRDA:31,2646,1,0
BRDA:31,2646,2,0
BRDA:31,2647,0,0
BRDA:31,2647,1,0
BRDA:31,2648,0,0
BRDA:31,2648,1,0
BRDA:31,2649,0,0
BRDA:31,2649,1,0
BRDA:31,2650,0,0
BRDA:31,2650,1,0
BRDA:31,2651,0,0
BRDA:31,2651,1,0
BRDA:31,2652,0,0
BRDA:31,2652,1,0
BRDA:31,2653,0,0
BRDA:31,2653,1,0
BRDA:31,2654,0,0
BRDA:31,2654,1,0
BRDA:31,2655,0,0
BRDA:31,2655,1,0
BRDA:31,2656,0,0
BRDA:31,2656,1,0
BRDA:31,2657,0,0
BRDA:31,2657,1,0
BRDA:31,2658,0,0
BRDA:31,2658,1,0
BRDA:31,2659,0,0
BRDA:31,2659,1,0
BRDA:31,2660,0,0
BRDA:31,2660,1,0
BRDA:31,2661,0,0
BRDA:31,2661,1,0
BRDA:31,2662,0,0
BRDA:31,2662,1,0
BRDA:31,2663,0,0
BRDA:31,2663,1,0
BRDA:31,2664,0,0
BRDA:31,2664,1,0
BRDA:31,2665,0,0
BRDA:31,2665,1,0
BRDA:31,2666,0,0
BRDA:31,2666,1,0
BRDA:31,2667,0,0
BRDA:31,2667,1,0
BRDA:31,2668,0,0
BRDA:31,2668,1,0
BRDA:31,2669,0,0
BRDA:31,2669,1,0
BRDA:31,2670,0,0
BRDA:31,2670,1,0
BRDA:31,2671,0,0
BRDA:31,2671,1,0
BRDA:31,2672,0,0
BRDA:31,2672,1,0
BRDA:31,2673,0,0
BRDA:31,2673,1,0
BRDA:31,2674,0,0
BRDA:31,2674,1,0
BRDA:31,2675,0,0
BRDA:31,2675,1,0
BRDA:31,2676,0,0
BRDA:31,2676,1,0
BRDA:31,2677,0,0
BRDA:31,2677,1,0
BRDA:31,2678,0,0
BRDA:31,2678,1,0
BRDA:31,2679,0,0
BRDA:31,2679,1,0
BRDA:31,2680,0,0
BRDA:31,2680,1,0
BRDA:31,2681,0,0
BRDA:31,2681,1,0
BRDA:31,2682,0,0
BRDA:31,2682,1,0
BRDA:31,2683,0,0
BRDA:31,2683,1,0
BRDA:31,2684,0,0
BRDA:31,2684,1,0
BRDA:31,2685,0,0
BRDA:31,2685,1,0
BRDA:31,2686,0,0
BRDA:31,2686,1,0
BRDA:31,2686,2,0
BRDA:31,2686,3,0
BRDA:31,2686,4,0
BRDA:31,2686,5,0
BRDA:31,2687,0,0
BRDA:31,2687,1,0
BRDA:31,2687,2,0
BRDA:31,2687,3,0
BRDA:31,2688,0,0
BRDA:31,2688,1,0
BRDA:31,2689,0,0
BRDA:31,2689,1,0
BRDA:31,2690,0,0
BRDA:31,2690,1,0
BRDA:31,2690,2,0
BRDA:31,2691,0,0
BRDA:31,2691,1,0
BRDA:31,2691,2,0
BRDA:31,2691,3,0
BRDA:31,2691,4,0
BRDA:31,2692,0,0
BRDA:31,2692,1,0
BRDA:31,2693,0,0
BRDA:31,2693,1,0
BRDA:31,2694,0,0
BRDA:31,2694,1,0
BRDA:31,2695,0,0
BRDA:31,2695,1,0
BRDA:31,2696,0,0
BRDA:31,2696,1,0
BRDA:31,2697,0,0
BRDA:31,2697,1,0
BRDA:31,2698,0,0
BRDA:31,2698,1,0
BRDA:31,2699,0,0
BRDA:31,2699,1,0
BRDA:31,2699,2,0
BRDA:31,2699,3,0
BRDA:31,2700,0,0
BRDA:31,2700,1,0
BRDA:31,2701,0,0
BRDA:31,2701,1,0
BRDA:31,2702,0,0
BRDA:31,2702,1,0
BRDA:31,2703,0,0
BRDA:31,2703,1,0
BRDA:31,2704,0,0
BRDA:31,2704,1,0
BRDA:31,2705,0,0
BRDA:31,2705,1,0
BRDA:31,2706,0,0
BRDA:31,2706,1,0
BRDA:31,2707,0,0
BRDA:31,2707,1,0
BRDA:31,2708,0,0
BRDA:31,2708,1,0
BRDA:31,2709,0,0
BRDA:31,2709,1,0
BRDA:31,2710,0,0
BRDA:31,2710,1,0
BRDA:31,2710,2,0
BRDA:31,2711,0,0
BRDA:31,2711,1,0
BRDA:31,2712,0,0
BRDA:31,2712,1,0
BRDA:31,2713,0,0
BRDA:31,2713,1,0
BRDA:31,2714,0,0
BRDA:31,2714,1,0
BRDA:31,2714,2,0
BRDA:31,2714,3,0
BRDA:31,2715,0,0
BRDA:31,2715,1,0
BRDA:31,2716,0,0
BRDA:31,2716,1,0
BRDA:31,2717,0,0
BRDA:31,2717,1,0
BRDA:31,2718,0,0
BRDA:31,2718,1,0
BRDA:31,2719,0,0
BRDA:31,2719,1,0
BRDA:31,2720,0,0
BRDA:31,2720,1,0
BRDA:31,2721,0,0
BRDA:31,2721,1,0
BRDA:31,2722,0,0
BRDA:31,2722,1,0
BRDA:31,2723,0,0
BRDA:31,2723,1,0
BRDA:31,2724,0,0
BRDA:31,2724,1,0
BRDA:31,2725,0,0
BRDA:31,2725,1,0
BRDA:31,2726,0,0
BRDA:31,2726,1,0
BRDA:31,2727,0,0
BRDA:31,2727,1,0
BRDA:31,2728,0,0
BRDA:31,2728,1,0
BRDA:31,2729,0,0
BRDA:31,2729,1,0
BRDA:31,2730,0,0
BRDA:31,2730,1,0
BRDA:31,2731,0,0
BRDA:31,2731,1,0
BRDA:31,2732,0,0
BRDA:31,2732,1,0
BRDA:31,2733,0,0
BRDA:31,2733,1,0
BRDA:31,2734,0,0
BRDA:31,2734,1,0
BRDA:31,2735,0,0
BRDA:31,2735,1,0
BRDA:31,2736,0,0
BRDA:31,2736,1,0
BRDA:31,2737,0,0
BRDA:31,2737,1,0
BRDA:31,2738,0,0
BRDA:31,2738,1,0
BRDA:31,2739,0,0
BRDA:31,2739,1,0
BRDA:31,2740,0,0
BRDA:31,2740,1,0
BRDA:31,2741,0,0
BRDA:31,2741,1,0
BRDA:31,2742,0,0
BRDA:31,2742,1,0
BRDA:31,2743,0,0
BRDA:31,2743,1,0
BRDA:31,2743,2,0
BRDA:31,2743,3,0
BRDA:31,2743,4,0
BRDA:31,2743,5,0
BRDA:31,2744,0,0
BRDA:31,2744,1,0
BRDA:31,2745,0,0
BRDA:31,2745,1,0
BRDA:31,2746,0,0
BRDA:31,2746,1,0
BRDA:31,2746,2,0
BRDA:31,2747,0,0
BRDA:31,2747,1,0
BRDA:31,2748,0,0
BRDA:31,2748,1,0
BRDA:31,2749,0,0
BRDA:31,2749,1,0
BRDA:31,2750,0,0
BRDA:31,2750,1,0
BRDA:31,2751,0,0
BRDA:31,2751,1,0
BRDA:31,2752,0,0
BRDA:31,2752,1,0
BRDA:31,2753,0,0
BRDA:31,2753,1,0
BRDA:31,2754,0,0
BRDA:31,2754,1,0
BRDA:31,2754,2,0
BRDA:31,2755,0,0
BRDA:31,2755,1,0
BRDA:31,2756,0,0
BRDA:31,2756,1,0
BRDA:31,2756,2,0
BRDA:31,2757,0,0
BRDA:31,2757,1,0
BRDA:31,2758,0,0
BRDA:31,2758,1,0
BRDA:31,2759,0,0
BRDA:31,2759,1,0
BRDA:31,2759,2,0
BRDA:31,2760,0,0
BRDA:31,2760,1,0
BRDA:31,2761,0,0
BRDA:31,2761,1,0
BRDA:31,2762,0,0
BRDA:31,2762,1,0
BRDA:31,2763,0,0
BRDA:31,2763,1,0
BRDA:31,2764,0,0
BRDA:31,2764,1,0
BRDA:31,2765,0,0
BRDA:31,2765,1,0
BRDA:31,2766,0,0
BRDA:31,2766,1,0
BRDA:31,2767,0,0
BRDA:31,2767,1,0
BRDA:31,2768,0,0
BRDA:31,2768,1,0
BRDA:31,2769,0,0
BRDA:31,2769,1,0
BRDA:31,2770,0,0
BRDA:31,2770,1,0
BRDA:31,2771,0,0
BRDA:31,2771,1,0
BRDA:31,2772,0,0
BRDA:31,2772,1,0
BRDA:31,2773,0,0
BRDA:31,2773,1,0
BRDA:31,2774,0,0
BRDA:31,2774,1,0
BRDA:31,2775,0,0
BRDA:31,2775,1,0
BRDA:31,2776,0,0
BRDA:31,2776,1,0
BRDA:31,2777,0,0
BRDA:31,2777,1,0
BRDA:31,2778,0,0
BRDA:31,2778,1,0
BRDA:31,2778,2,0
BRDA:31,2778,3,0
BRDA:31,2779,0,0
BRDA:31,2779,1,0
BRDA:31,2780,0,0
BRDA:31,2780,1,0
BRDA:31,2781,0,0
BRDA:31,2781,1,0
BRDA:31,2782,0,0
BRDA:31,2782,1,0
BRDA:31,2783,0,0
BRDA:31,2783,1,0
BRDA:31,2784,0,0
BRDA:31,2784,1,0
BRDA:31,2785,0,0
BRDA:31,2785,1,0
BRDA:31,2786,0,0
BRDA:31,2786,1,0
BRDA:31,2787,0,0
BRDA:31,2787,1,0
BRDA:31,2787,2,0
BRDA:31,2788,0,0
BRDA:31,2788,1,0
BRDA:31,2789,0,0
BRDA:31,2789,1,0
BRDA:31,2790,0,0
BRDA:31,2790,1,0
BRDA:31,2791,0,0
BRDA:31,2791,1,0
BRDA:31,2792,0,0
BRDA:31,2792,1,0
BRDA:31,2793,0,0
BRDA:31,2793,1,0
BRDA:31,2794,0,0
BRDA:31,2794,1,0
BRDA:31,2795,0,0
BRDA:31,2795,1,0
BRF:6358
BRH:0
end_of_record
TN:
SF:/Users/rosegraner/simple-react-full-stack/src/client/index.js
FNF:0
FNH:0
DA:5,0
LF:1
LH:0
BRF:0
BRH:0
end_of_record
TN:
SF:/Users/rosegraner/simple-react-full-stack/src/server/index.js
FN:17,(anonymous_0)
FNF:1
FNH:0
FNDA:0,(anonymous_0)
DA:1,0
DA:2,0
DA:4,0
DA:7,0
DA:8,0
DA:10,0
DA:11,0
DA:17,0
DA:18,0
DA:21,0
LF:10
LH:0
BRDA:17,0,0,0
BRDA:17,0,1,0
BRDA:18,1,0,0
BRDA:18,1,1,0
BRF:4
BRH:0
end_of_record
TN:
SF:/Users/rosegraner/simple-react-full-stack/src/server/api/calculations.js
FN:2,(anonymous_0)
FN:8,(anonymous_1)
FN:27,(anonymous_2)
FN:49,(anonymous_3)
FNF:4
FNH:0
FNDA:0,(anonymous_0)
FNDA:0,(anonymous_1)
FNDA:0,(anonymous_2)
FNDA:0,(anonymous_3)
DA:2,0
DA:3,0
DA:4,0
DA:5,0
DA:8,0
DA:15,0
DA:16,0
DA:17,0
DA:18,0
DA:27,0
DA:28,0
DA:29,0
DA:30,0
DA:31,0
DA:49,0
DA:50,0
DA:51,0
DA:52,0
DA:53,0
DA:56,0
LF:20
LH:0
BRF:0
BRH:0
end_of_record
TN:
SF:/Users/rosegraner/simple-react-full-stack/src/server/api/index.js
FN:14,(anonymous_0)
FN:26,(anonymous_1)
FN:40,(anonymous_2)
FN:52,(anonymous_3)
FN:70,(anonymous_4)
FN:107,(anonymous_5)
FN:142,(anonymous_6)
FNF:7
FNH:0
FNDA:0,(anonymous_0)
FNDA:0,(anonymous_1)
FNDA:0,(anonymous_2)
FNDA:0,(anonymous_3)
FNDA:0,(anonymous_4)
FNDA:0,(anonymous_5)
FNDA:0,(anonymous_6)
DA:3,0
DA:4,0
DA:5,0
DA:6,0
DA:11,0
DA:14,0
DA:15,0
DA:16,0
DA:19,0
DA:21,0
DA:26,0
DA:27,0
DA:28,0
DA:29,0
DA:33,0
DA:35,0
DA:40,0
DA:41,0
DA:42,0
DA:43,0
DA:44,0
DA:45,0
DA:47,0
DA:52,0
DA:53,0
DA:54,0
DA:55,0
DA:59,0
DA:60,0
DA:65,0
DA:70,0
DA:71,0
DA:72,0
DA:73,0
DA:75,0
DA:80,0
DA:81,0
DA:89,0
DA:91,0
DA:95,0
DA:96,0
DA:102,0
DA:107,0
DA:108,0
DA:109,0
DA:110,0
DA:112,0
DA:117,0
DA:125,0
DA:127,0
DA:131,0
DA:132,0
DA:138,0
DA:142,0
DA:143,0
DA:144,0
DA:145,0
DA:148,0
LF:58
LH:0
BRF:0
BRH:0
end_of_record
TN:
SF:/Users/rosegraner/simple-react-full-stack/src/server/db/card.js
FN:37,(anonymous_0)
FN:42,hasOneDayPassed
FN:52,haveThirtyDaysPassed
FN:61,runOncePerDay
FN:91,(anonymous_4)
FNF:5
FNH:0
FNDA:0,(anonymous_0)
FNDA:0,hasOneDayPassed
FNDA:0,haveThirtyDaysPassed
FNDA:0,runOncePerDay
FNDA:0,(anonymous_4)
DA:1,0
DA:2,0
DA:4,0
DA:37,0
DA:43,0
DA:45,0
DA:47,0
DA:49,0
DA:53,0
DA:54,0
DA:55,0
DA:57,0
DA:62,0
DA:64,0
DA:65,0
DA:66,0
DA:68,0
DA:70,0
DA:74,0
DA:75,0
DA:78,0
DA:79,0
DA:80,0
DA:84,0
DA:86,0
DA:87,0
DA:90,0
DA:91,0
DA:92,0
DA:94,0
DA:97,0
LF:31
LH:0
BRDA:47,0,0,0
BRDA:47,0,1,0
BRDA:54,1,0,0
BRDA:54,1,1,0
BRDA:64,2,0,0
BRDA:64,2,1,0
BRDA:78,3,0,0
BRDA:78,3,1,0
BRF:8
BRH:0
end_of_record
TN:
SF:/Users/rosegraner/simple-react-full-stack/src/server/db/charge.js
FNF:0
FNH:0
DA:1,0
DA:2,0
DA:5,0
DA:20,0
LF:4
LH:0
BRF:0
BRH:0
end_of_record
TN:
SF:/Users/rosegraner/simple-react-full-stack/src/server/db/database.js
FNF:0
FNH:0
DA:5,0
DA:6,0
DA:7,0
DA:15,0
DA:17,0
DA:19,0
DA:24,0
LF:7
LH:0
BRF:0
BRH:0
end_of_record
TN:
SF:/Users/rosegraner/simple-react-full-stack/src/server/db/index.js
FNF:0
FNH:0
DA:4,0
DA:5,0
DA:6,0
DA:7,0
DA:13,0
DA:14,0
DA:15,0
DA:16,0
DA:20,0
LF:9
LH:0
BRF:0
BRH:0
end_of_record
TN:
SF:/Users/rosegraner/simple-react-full-stack/src/server/db/payment.js
FNF:0
FNH:0
DA:1,0
DA:2,0
DA:5,0
DA:20,0
LF:4
LH:0
BRF:0
BRH:0
end_of_record
